

================================================================
== Vivado HLS Report for 'myproject'
================================================================
* Date:           Wed Dec  6 16:38:46 2023

* Version:        2019.1 (Build 2552052 on Fri May 24 15:28:33 MDT 2019)
* Project:        myproject_prj
* Solution:       solution1
* Product family: virtexuplus
* Target device:  xcu250-figd2104-2L-e


================================================================
== Performance Estimates
================================================================
+ Timing (ns): 
    * Summary: 
    +--------+-------+----------+------------+
    |  Clock | Target| Estimated| Uncertainty|
    +--------+-------+----------+------------+
    |ap_clk  |   5.00|     2.679|        0.62|
    +--------+-------+----------+------------+

+ Latency (clock cycles): 
    * Summary: 
    +-----+-----+-----+-----+----------+
    |  Latency  |  Interval | Pipeline |
    | min | max | min | max |   Type   |
    +-----+-----+-----+-----+----------+
    |    7|    7|    8|    8| dataflow |
    +-----+-----+-----+-----+----------+

    + Detail: 
        * Instance: 
        +------------------------------------------------------------------------+-------------------------------------------------------------+-----+-----+-----+-----+---------+
        |                                                                        |                                                             |  Latency  |  Interval | Pipeline|
        |                                Instance                                |                            Module                           | min | max | min | max |   Type  |
        +------------------------------------------------------------------------+-------------------------------------------------------------+-----+-----+-----+-----+---------+
        |grp_pointwise_conv_2d_cl_ap_fixed_ap_fixed_16_6_5_3_0_config4_s_fu_142  |pointwise_conv_2d_cl_ap_fixed_ap_fixed_16_6_5_3_0_config4_s  |    7|    7|    7|    7|   none  |
        +------------------------------------------------------------------------+-------------------------------------------------------------+-----+-----+-----+-----+---------+

        * Loop: 
        N/A

============================================================
+ Verbose Summary: Synthesis Manager
============================================================
InlineROM: 1
ExposeGlobal: 0
============================================================
+ Verbose Summary: CDFG Model
============================================================
IsTopModel: 1
ResetActiveHigh: 1
IsCombinational: 2
IsDatapathOnly: 0
HasWiredReturn: 1
HasMFsm: 0
HasVarLatency: 1
IsPipeline: 0
IsRtlPipelined: 0
IsInstanceOverlapped: 0
IsDontTouch: 0
HasImplIP: 0
IsGatedGlobalClock: 0


============================================================
+ Verbose Summary: Schedule
============================================================
* Number of FSM states : 2
* Pipeline : 0
* Dataflow Pipeline: 1
  DF-Pipeline-0: Size = 2, States = { 1 2 }

* FSM state transitions: 
1 --> 2 
2 --> 

* FSM state operations: 

State 1 <SV = 0> <Delay = 0.00>
ST_1 : Operation 3 [2/2] (0.00ns)   --->   "call fastcc void @"pointwise_conv_2d_cl<ap_fixed,ap_fixed<16,6,5,3,0>,config4>"(i360* %q_input_1_V, i16* %layer4_out_0_V, i16* %layer4_out_1_V, i16* %layer4_out_2_V, i16* %layer4_out_3_V, i16* %layer4_out_4_V, i16* %layer4_out_5_V, i16* %layer4_out_6_V, i16* %layer4_out_7_V, i16* %layer4_out_8_V, i16* %layer4_out_9_V, i16* %layer4_out_10_V, i16* %layer4_out_11_V, i16* %layer4_out_12_V, i16* %layer4_out_13_V, i16* %layer4_out_14_V, i16* %layer4_out_15_V, i16* %layer4_out_16_V, i16* %layer4_out_17_V, i16* %layer4_out_18_V, i16* %layer4_out_19_V, i16* %layer4_out_20_V, i16* %layer4_out_21_V, i16* %layer4_out_22_V, i16* %layer4_out_23_V, i16* %layer4_out_24_V, i16* %layer4_out_25_V, i16* %layer4_out_26_V, i16* %layer4_out_27_V, i16* %layer4_out_28_V, i16* %layer4_out_29_V, i16* %layer4_out_30_V, i16* %layer4_out_31_V, i16* %layer4_out_32_V, i16* %layer4_out_33_V, i16* %layer4_out_34_V, i16* %layer4_out_35_V, i16* %layer4_out_36_V, i16* %layer4_out_37_V, i16* %layer4_out_38_V, i16* %layer4_out_39_V, i16* %layer4_out_40_V, i16* %layer4_out_41_V, i16* %layer4_out_42_V, i16* %layer4_out_43_V, i16* %layer4_out_44_V, i16* %layer4_out_45_V, i16* %layer4_out_46_V, i16* %layer4_out_47_V, i16* %layer4_out_48_V, i16* %layer4_out_49_V, i16* %layer4_out_50_V, i16* %layer4_out_51_V, i16* %layer4_out_52_V, i16* %layer4_out_53_V, i16* %layer4_out_54_V, i16* %layer4_out_55_V, i16* %layer4_out_56_V, i16* %layer4_out_57_V, i16* %layer4_out_58_V, i16* %layer4_out_59_V)"   --->   Operation 3 'call' <Predicate = true> <Delay = 0.00> <CoreType = "Generic">   --->   Core 0 '' <Latency = 0> <II = 1> <Delay = 1.00> <Generic> <Opcode : >

State 2 <SV = 1> <Delay = 2.67>
ST_2 : Operation 4 [1/1] (0.00ns)   --->   "call void (...)* @_ssdm_op_SpecDataflowPipeline(i32 -1, i32 0, [1 x i8]* @p_str4) nounwind" [firmware/myproject.cpp:15]   --->   Operation 4 'specdataflowpipeline' <Predicate = true> <Delay = 0.00>
ST_2 : Operation 5 [1/1] (0.00ns)   --->   "call void (...)* @_ssdm_op_SpecBitsMap(i16* %layer4_out_59_V), !map !83"   --->   Operation 5 'specbitsmap' <Predicate = true> <Delay = 0.00>
ST_2 : Operation 6 [1/1] (0.00ns)   --->   "call void (...)* @_ssdm_op_SpecBitsMap(i16* %layer4_out_58_V), !map !89"   --->   Operation 6 'specbitsmap' <Predicate = true> <Delay = 0.00>
ST_2 : Operation 7 [1/1] (0.00ns)   --->   "call void (...)* @_ssdm_op_SpecBitsMap(i16* %layer4_out_57_V), !map !95"   --->   Operation 7 'specbitsmap' <Predicate = true> <Delay = 0.00>
ST_2 : Operation 8 [1/1] (0.00ns)   --->   "call void (...)* @_ssdm_op_SpecBitsMap(i16* %layer4_out_56_V), !map !101"   --->   Operation 8 'specbitsmap' <Predicate = true> <Delay = 0.00>
ST_2 : Operation 9 [1/1] (0.00ns)   --->   "call void (...)* @_ssdm_op_SpecBitsMap(i16* %layer4_out_55_V), !map !107"   --->   Operation 9 'specbitsmap' <Predicate = true> <Delay = 0.00>
ST_2 : Operation 10 [1/1] (0.00ns)   --->   "call void (...)* @_ssdm_op_SpecBitsMap(i16* %layer4_out_54_V), !map !113"   --->   Operation 10 'specbitsmap' <Predicate = true> <Delay = 0.00>
ST_2 : Operation 11 [1/1] (0.00ns)   --->   "call void (...)* @_ssdm_op_SpecBitsMap(i16* %layer4_out_53_V), !map !119"   --->   Operation 11 'specbitsmap' <Predicate = true> <Delay = 0.00>
ST_2 : Operation 12 [1/1] (0.00ns)   --->   "call void (...)* @_ssdm_op_SpecBitsMap(i16* %layer4_out_52_V), !map !125"   --->   Operation 12 'specbitsmap' <Predicate = true> <Delay = 0.00>
ST_2 : Operation 13 [1/1] (0.00ns)   --->   "call void (...)* @_ssdm_op_SpecBitsMap(i16* %layer4_out_51_V), !map !131"   --->   Operation 13 'specbitsmap' <Predicate = true> <Delay = 0.00>
ST_2 : Operation 14 [1/1] (0.00ns)   --->   "call void (...)* @_ssdm_op_SpecBitsMap(i16* %layer4_out_50_V), !map !137"   --->   Operation 14 'specbitsmap' <Predicate = true> <Delay = 0.00>
ST_2 : Operation 15 [1/1] (0.00ns)   --->   "call void (...)* @_ssdm_op_SpecBitsMap(i16* %layer4_out_49_V), !map !143"   --->   Operation 15 'specbitsmap' <Predicate = true> <Delay = 0.00>
ST_2 : Operation 16 [1/1] (0.00ns)   --->   "call void (...)* @_ssdm_op_SpecBitsMap(i16* %layer4_out_48_V), !map !149"   --->   Operation 16 'specbitsmap' <Predicate = true> <Delay = 0.00>
ST_2 : Operation 17 [1/1] (0.00ns)   --->   "call void (...)* @_ssdm_op_SpecBitsMap(i16* %layer4_out_47_V), !map !155"   --->   Operation 17 'specbitsmap' <Predicate = true> <Delay = 0.00>
ST_2 : Operation 18 [1/1] (0.00ns)   --->   "call void (...)* @_ssdm_op_SpecBitsMap(i16* %layer4_out_46_V), !map !161"   --->   Operation 18 'specbitsmap' <Predicate = true> <Delay = 0.00>
ST_2 : Operation 19 [1/1] (0.00ns)   --->   "call void (...)* @_ssdm_op_SpecBitsMap(i16* %layer4_out_45_V), !map !167"   --->   Operation 19 'specbitsmap' <Predicate = true> <Delay = 0.00>
ST_2 : Operation 20 [1/1] (0.00ns)   --->   "call void (...)* @_ssdm_op_SpecBitsMap(i16* %layer4_out_44_V), !map !173"   --->   Operation 20 'specbitsmap' <Predicate = true> <Delay = 0.00>
ST_2 : Operation 21 [1/1] (0.00ns)   --->   "call void (...)* @_ssdm_op_SpecBitsMap(i16* %layer4_out_43_V), !map !179"   --->   Operation 21 'specbitsmap' <Predicate = true> <Delay = 0.00>
ST_2 : Operation 22 [1/1] (0.00ns)   --->   "call void (...)* @_ssdm_op_SpecBitsMap(i16* %layer4_out_42_V), !map !185"   --->   Operation 22 'specbitsmap' <Predicate = true> <Delay = 0.00>
ST_2 : Operation 23 [1/1] (0.00ns)   --->   "call void (...)* @_ssdm_op_SpecBitsMap(i16* %layer4_out_41_V), !map !191"   --->   Operation 23 'specbitsmap' <Predicate = true> <Delay = 0.00>
ST_2 : Operation 24 [1/1] (0.00ns)   --->   "call void (...)* @_ssdm_op_SpecBitsMap(i16* %layer4_out_40_V), !map !197"   --->   Operation 24 'specbitsmap' <Predicate = true> <Delay = 0.00>
ST_2 : Operation 25 [1/1] (0.00ns)   --->   "call void (...)* @_ssdm_op_SpecBitsMap(i16* %layer4_out_39_V), !map !203"   --->   Operation 25 'specbitsmap' <Predicate = true> <Delay = 0.00>
ST_2 : Operation 26 [1/1] (0.00ns)   --->   "call void (...)* @_ssdm_op_SpecBitsMap(i16* %layer4_out_38_V), !map !209"   --->   Operation 26 'specbitsmap' <Predicate = true> <Delay = 0.00>
ST_2 : Operation 27 [1/1] (0.00ns)   --->   "call void (...)* @_ssdm_op_SpecBitsMap(i16* %layer4_out_37_V), !map !215"   --->   Operation 27 'specbitsmap' <Predicate = true> <Delay = 0.00>
ST_2 : Operation 28 [1/1] (0.00ns)   --->   "call void (...)* @_ssdm_op_SpecBitsMap(i16* %layer4_out_36_V), !map !221"   --->   Operation 28 'specbitsmap' <Predicate = true> <Delay = 0.00>
ST_2 : Operation 29 [1/1] (0.00ns)   --->   "call void (...)* @_ssdm_op_SpecBitsMap(i16* %layer4_out_35_V), !map !227"   --->   Operation 29 'specbitsmap' <Predicate = true> <Delay = 0.00>
ST_2 : Operation 30 [1/1] (0.00ns)   --->   "call void (...)* @_ssdm_op_SpecBitsMap(i16* %layer4_out_34_V), !map !233"   --->   Operation 30 'specbitsmap' <Predicate = true> <Delay = 0.00>
ST_2 : Operation 31 [1/1] (0.00ns)   --->   "call void (...)* @_ssdm_op_SpecBitsMap(i16* %layer4_out_33_V), !map !239"   --->   Operation 31 'specbitsmap' <Predicate = true> <Delay = 0.00>
ST_2 : Operation 32 [1/1] (0.00ns)   --->   "call void (...)* @_ssdm_op_SpecBitsMap(i16* %layer4_out_32_V), !map !245"   --->   Operation 32 'specbitsmap' <Predicate = true> <Delay = 0.00>
ST_2 : Operation 33 [1/1] (0.00ns)   --->   "call void (...)* @_ssdm_op_SpecBitsMap(i16* %layer4_out_31_V), !map !251"   --->   Operation 33 'specbitsmap' <Predicate = true> <Delay = 0.00>
ST_2 : Operation 34 [1/1] (0.00ns)   --->   "call void (...)* @_ssdm_op_SpecBitsMap(i16* %layer4_out_30_V), !map !257"   --->   Operation 34 'specbitsmap' <Predicate = true> <Delay = 0.00>
ST_2 : Operation 35 [1/1] (0.00ns)   --->   "call void (...)* @_ssdm_op_SpecBitsMap(i16* %layer4_out_29_V), !map !263"   --->   Operation 35 'specbitsmap' <Predicate = true> <Delay = 0.00>
ST_2 : Operation 36 [1/1] (0.00ns)   --->   "call void (...)* @_ssdm_op_SpecBitsMap(i16* %layer4_out_28_V), !map !269"   --->   Operation 36 'specbitsmap' <Predicate = true> <Delay = 0.00>
ST_2 : Operation 37 [1/1] (0.00ns)   --->   "call void (...)* @_ssdm_op_SpecBitsMap(i16* %layer4_out_27_V), !map !275"   --->   Operation 37 'specbitsmap' <Predicate = true> <Delay = 0.00>
ST_2 : Operation 38 [1/1] (0.00ns)   --->   "call void (...)* @_ssdm_op_SpecBitsMap(i16* %layer4_out_26_V), !map !281"   --->   Operation 38 'specbitsmap' <Predicate = true> <Delay = 0.00>
ST_2 : Operation 39 [1/1] (0.00ns)   --->   "call void (...)* @_ssdm_op_SpecBitsMap(i16* %layer4_out_25_V), !map !287"   --->   Operation 39 'specbitsmap' <Predicate = true> <Delay = 0.00>
ST_2 : Operation 40 [1/1] (0.00ns)   --->   "call void (...)* @_ssdm_op_SpecBitsMap(i16* %layer4_out_24_V), !map !293"   --->   Operation 40 'specbitsmap' <Predicate = true> <Delay = 0.00>
ST_2 : Operation 41 [1/1] (0.00ns)   --->   "call void (...)* @_ssdm_op_SpecBitsMap(i16* %layer4_out_23_V), !map !299"   --->   Operation 41 'specbitsmap' <Predicate = true> <Delay = 0.00>
ST_2 : Operation 42 [1/1] (0.00ns)   --->   "call void (...)* @_ssdm_op_SpecBitsMap(i16* %layer4_out_22_V), !map !305"   --->   Operation 42 'specbitsmap' <Predicate = true> <Delay = 0.00>
ST_2 : Operation 43 [1/1] (0.00ns)   --->   "call void (...)* @_ssdm_op_SpecBitsMap(i16* %layer4_out_21_V), !map !311"   --->   Operation 43 'specbitsmap' <Predicate = true> <Delay = 0.00>
ST_2 : Operation 44 [1/1] (0.00ns)   --->   "call void (...)* @_ssdm_op_SpecBitsMap(i16* %layer4_out_20_V), !map !317"   --->   Operation 44 'specbitsmap' <Predicate = true> <Delay = 0.00>
ST_2 : Operation 45 [1/1] (0.00ns)   --->   "call void (...)* @_ssdm_op_SpecBitsMap(i16* %layer4_out_19_V), !map !323"   --->   Operation 45 'specbitsmap' <Predicate = true> <Delay = 0.00>
ST_2 : Operation 46 [1/1] (0.00ns)   --->   "call void (...)* @_ssdm_op_SpecBitsMap(i16* %layer4_out_18_V), !map !329"   --->   Operation 46 'specbitsmap' <Predicate = true> <Delay = 0.00>
ST_2 : Operation 47 [1/1] (0.00ns)   --->   "call void (...)* @_ssdm_op_SpecBitsMap(i16* %layer4_out_17_V), !map !335"   --->   Operation 47 'specbitsmap' <Predicate = true> <Delay = 0.00>
ST_2 : Operation 48 [1/1] (0.00ns)   --->   "call void (...)* @_ssdm_op_SpecBitsMap(i16* %layer4_out_16_V), !map !341"   --->   Operation 48 'specbitsmap' <Predicate = true> <Delay = 0.00>
ST_2 : Operation 49 [1/1] (0.00ns)   --->   "call void (...)* @_ssdm_op_SpecBitsMap(i16* %layer4_out_15_V), !map !347"   --->   Operation 49 'specbitsmap' <Predicate = true> <Delay = 0.00>
ST_2 : Operation 50 [1/1] (0.00ns)   --->   "call void (...)* @_ssdm_op_SpecBitsMap(i16* %layer4_out_14_V), !map !353"   --->   Operation 50 'specbitsmap' <Predicate = true> <Delay = 0.00>
ST_2 : Operation 51 [1/1] (0.00ns)   --->   "call void (...)* @_ssdm_op_SpecBitsMap(i16* %layer4_out_13_V), !map !359"   --->   Operation 51 'specbitsmap' <Predicate = true> <Delay = 0.00>
ST_2 : Operation 52 [1/1] (0.00ns)   --->   "call void (...)* @_ssdm_op_SpecBitsMap(i16* %layer4_out_12_V), !map !365"   --->   Operation 52 'specbitsmap' <Predicate = true> <Delay = 0.00>
ST_2 : Operation 53 [1/1] (0.00ns)   --->   "call void (...)* @_ssdm_op_SpecBitsMap(i16* %layer4_out_11_V), !map !371"   --->   Operation 53 'specbitsmap' <Predicate = true> <Delay = 0.00>
ST_2 : Operation 54 [1/1] (0.00ns)   --->   "call void (...)* @_ssdm_op_SpecBitsMap(i16* %layer4_out_10_V), !map !377"   --->   Operation 54 'specbitsmap' <Predicate = true> <Delay = 0.00>
ST_2 : Operation 55 [1/1] (0.00ns)   --->   "call void (...)* @_ssdm_op_SpecBitsMap(i16* %layer4_out_9_V), !map !383"   --->   Operation 55 'specbitsmap' <Predicate = true> <Delay = 0.00>
ST_2 : Operation 56 [1/1] (0.00ns)   --->   "call void (...)* @_ssdm_op_SpecBitsMap(i16* %layer4_out_8_V), !map !389"   --->   Operation 56 'specbitsmap' <Predicate = true> <Delay = 0.00>
ST_2 : Operation 57 [1/1] (0.00ns)   --->   "call void (...)* @_ssdm_op_SpecBitsMap(i16* %layer4_out_7_V), !map !395"   --->   Operation 57 'specbitsmap' <Predicate = true> <Delay = 0.00>
ST_2 : Operation 58 [1/1] (0.00ns)   --->   "call void (...)* @_ssdm_op_SpecBitsMap(i16* %layer4_out_6_V), !map !401"   --->   Operation 58 'specbitsmap' <Predicate = true> <Delay = 0.00>
ST_2 : Operation 59 [1/1] (0.00ns)   --->   "call void (...)* @_ssdm_op_SpecBitsMap(i16* %layer4_out_5_V), !map !407"   --->   Operation 59 'specbitsmap' <Predicate = true> <Delay = 0.00>
ST_2 : Operation 60 [1/1] (0.00ns)   --->   "call void (...)* @_ssdm_op_SpecBitsMap(i16* %layer4_out_4_V), !map !413"   --->   Operation 60 'specbitsmap' <Predicate = true> <Delay = 0.00>
ST_2 : Operation 61 [1/1] (0.00ns)   --->   "call void (...)* @_ssdm_op_SpecBitsMap(i16* %layer4_out_3_V), !map !419"   --->   Operation 61 'specbitsmap' <Predicate = true> <Delay = 0.00>
ST_2 : Operation 62 [1/1] (0.00ns)   --->   "call void (...)* @_ssdm_op_SpecBitsMap(i16* %layer4_out_2_V), !map !425"   --->   Operation 62 'specbitsmap' <Predicate = true> <Delay = 0.00>
ST_2 : Operation 63 [1/1] (0.00ns)   --->   "call void (...)* @_ssdm_op_SpecBitsMap(i16* %layer4_out_1_V), !map !431"   --->   Operation 63 'specbitsmap' <Predicate = true> <Delay = 0.00>
ST_2 : Operation 64 [1/1] (0.00ns)   --->   "call void (...)* @_ssdm_op_SpecBitsMap(i16* %layer4_out_0_V), !map !437"   --->   Operation 64 'specbitsmap' <Predicate = true> <Delay = 0.00>
ST_2 : Operation 65 [1/1] (0.00ns)   --->   "call void (...)* @_ssdm_op_SpecBitsMap(i360* %q_input_1_V), !map !443"   --->   Operation 65 'specbitsmap' <Predicate = true> <Delay = 0.00>
ST_2 : Operation 66 [1/1] (0.00ns)   --->   "call void (...)* @_ssdm_op_SpecTopModule([10 x i8]* @myproject_str) nounwind"   --->   Operation 66 'spectopmodule' <Predicate = true> <Delay = 0.00>
ST_2 : Operation 67 [1/1] (0.00ns)   --->   "call void (...)* @_ssdm_op_SpecInterface(i360* %q_input_1_V, [7 x i8]* @p_str5, i32 0, i32 0, [1 x i8]* @p_str4, i32 0, i32 0, [1 x i8]* @p_str4, [1 x i8]* @p_str4, [1 x i8]* @p_str4, i32 0, i32 0, i32 0, i32 0, [1 x i8]* @p_str4, [1 x i8]* @p_str4) nounwind"   --->   Operation 67 'specinterface' <Predicate = true> <Delay = 0.00>
ST_2 : Operation 68 [1/1] (0.00ns)   --->   "call void (...)* @_ssdm_op_SpecInterface(i16* %layer4_out_0_V, i16* %layer4_out_1_V, i16* %layer4_out_2_V, i16* %layer4_out_3_V, i16* %layer4_out_4_V, i16* %layer4_out_5_V, i16* %layer4_out_6_V, i16* %layer4_out_7_V, i16* %layer4_out_8_V, i16* %layer4_out_9_V, i16* %layer4_out_10_V, i16* %layer4_out_11_V, i16* %layer4_out_12_V, i16* %layer4_out_13_V, i16* %layer4_out_14_V, i16* %layer4_out_15_V, i16* %layer4_out_16_V, i16* %layer4_out_17_V, i16* %layer4_out_18_V, i16* %layer4_out_19_V, i16* %layer4_out_20_V, i16* %layer4_out_21_V, i16* %layer4_out_22_V, i16* %layer4_out_23_V, i16* %layer4_out_24_V, i16* %layer4_out_25_V, i16* %layer4_out_26_V, i16* %layer4_out_27_V, i16* %layer4_out_28_V, i16* %layer4_out_29_V, i16* %layer4_out_30_V, i16* %layer4_out_31_V, i16* %layer4_out_32_V, i16* %layer4_out_33_V, i16* %layer4_out_34_V, i16* %layer4_out_35_V, i16* %layer4_out_36_V, i16* %layer4_out_37_V, i16* %layer4_out_38_V, i16* %layer4_out_39_V, i16* %layer4_out_40_V, i16* %layer4_out_41_V, i16* %layer4_out_42_V, i16* %layer4_out_43_V, i16* %layer4_out_44_V, i16* %layer4_out_45_V, i16* %layer4_out_46_V, i16* %layer4_out_47_V, i16* %layer4_out_48_V, i16* %layer4_out_49_V, i16* %layer4_out_50_V, i16* %layer4_out_51_V, i16* %layer4_out_52_V, i16* %layer4_out_53_V, i16* %layer4_out_54_V, i16* %layer4_out_55_V, i16* %layer4_out_56_V, i16* %layer4_out_57_V, i16* %layer4_out_58_V, i16* %layer4_out_59_V, [7 x i8]* @p_str5, i32 0, i32 0, [1 x i8]* @p_str4, i32 0, i32 0, [1 x i8]* @p_str4, [1 x i8]* @p_str4, [1 x i8]* @p_str4, i32 0, i32 0, i32 0, i32 0, [1 x i8]* @p_str4, [1 x i8]* @p_str4) nounwind" [firmware/myproject.cpp:14]   --->   Operation 68 'specinterface' <Predicate = true> <Delay = 0.00>
ST_2 : Operation 69 [1/2] (2.67ns)   --->   "call fastcc void @"pointwise_conv_2d_cl<ap_fixed,ap_fixed<16,6,5,3,0>,config4>"(i360* %q_input_1_V, i16* %layer4_out_0_V, i16* %layer4_out_1_V, i16* %layer4_out_2_V, i16* %layer4_out_3_V, i16* %layer4_out_4_V, i16* %layer4_out_5_V, i16* %layer4_out_6_V, i16* %layer4_out_7_V, i16* %layer4_out_8_V, i16* %layer4_out_9_V, i16* %layer4_out_10_V, i16* %layer4_out_11_V, i16* %layer4_out_12_V, i16* %layer4_out_13_V, i16* %layer4_out_14_V, i16* %layer4_out_15_V, i16* %layer4_out_16_V, i16* %layer4_out_17_V, i16* %layer4_out_18_V, i16* %layer4_out_19_V, i16* %layer4_out_20_V, i16* %layer4_out_21_V, i16* %layer4_out_22_V, i16* %layer4_out_23_V, i16* %layer4_out_24_V, i16* %layer4_out_25_V, i16* %layer4_out_26_V, i16* %layer4_out_27_V, i16* %layer4_out_28_V, i16* %layer4_out_29_V, i16* %layer4_out_30_V, i16* %layer4_out_31_V, i16* %layer4_out_32_V, i16* %layer4_out_33_V, i16* %layer4_out_34_V, i16* %layer4_out_35_V, i16* %layer4_out_36_V, i16* %layer4_out_37_V, i16* %layer4_out_38_V, i16* %layer4_out_39_V, i16* %layer4_out_40_V, i16* %layer4_out_41_V, i16* %layer4_out_42_V, i16* %layer4_out_43_V, i16* %layer4_out_44_V, i16* %layer4_out_45_V, i16* %layer4_out_46_V, i16* %layer4_out_47_V, i16* %layer4_out_48_V, i16* %layer4_out_49_V, i16* %layer4_out_50_V, i16* %layer4_out_51_V, i16* %layer4_out_52_V, i16* %layer4_out_53_V, i16* %layer4_out_54_V, i16* %layer4_out_55_V, i16* %layer4_out_56_V, i16* %layer4_out_57_V, i16* %layer4_out_58_V, i16* %layer4_out_59_V)"   --->   Operation 69 'call' <Predicate = true> <Delay = 2.67> <CoreType = "Generic">   --->   Core 0 '' <Latency = 0> <II = 1> <Delay = 1.00> <Generic> <Opcode : >
ST_2 : Operation 70 [1/1] (0.00ns)   --->   "ret void" [firmware/myproject.cpp:35]   --->   Operation 70 'ret' <Predicate = true> <Delay = 0.00>


============================================================
+ Verbose Summary: Binding
============================================================
STG Binding: 
---------------- STG Properties BEGIN ----------------
- Is combinational: 0
- Is one-state seq: 0
- Is datapath-only: 0
- Is pipelined: 0
- Is top level: 1
Port [ Return ] is wired: 1; IO mode=ap_ctrl_hs:ce=0
Port [ q_input_1_V]:  wired=1; compound=0; hidden=0; nouse=0; global=0; static=0; extern=0; dir=0; type=0; pingpong=0; private_global=0; IO mode=ap_vld:ce=0
Port [ layer4_out_0_V]:  wired=1; compound=0; hidden=0; nouse=0; global=0; static=0; extern=0; dir=1; type=0; pingpong=0; private_global=0; IO mode=ap_vld:ce=0
Port [ layer4_out_1_V]:  wired=1; compound=0; hidden=0; nouse=0; global=0; static=0; extern=0; dir=1; type=0; pingpong=0; private_global=0; IO mode=ap_vld:ce=0
Port [ layer4_out_2_V]:  wired=1; compound=0; hidden=0; nouse=0; global=0; static=0; extern=0; dir=1; type=0; pingpong=0; private_global=0; IO mode=ap_vld:ce=0
Port [ layer4_out_3_V]:  wired=1; compound=0; hidden=0; nouse=0; global=0; static=0; extern=0; dir=1; type=0; pingpong=0; private_global=0; IO mode=ap_vld:ce=0
Port [ layer4_out_4_V]:  wired=1; compound=0; hidden=0; nouse=0; global=0; static=0; extern=0; dir=1; type=0; pingpong=0; private_global=0; IO mode=ap_vld:ce=0
Port [ layer4_out_5_V]:  wired=1; compound=0; hidden=0; nouse=0; global=0; static=0; extern=0; dir=1; type=0; pingpong=0; private_global=0; IO mode=ap_vld:ce=0
Port [ layer4_out_6_V]:  wired=1; compound=0; hidden=0; nouse=0; global=0; static=0; extern=0; dir=1; type=0; pingpong=0; private_global=0; IO mode=ap_vld:ce=0
Port [ layer4_out_7_V]:  wired=1; compound=0; hidden=0; nouse=0; global=0; static=0; extern=0; dir=1; type=0; pingpong=0; private_global=0; IO mode=ap_vld:ce=0
Port [ layer4_out_8_V]:  wired=1; compound=0; hidden=0; nouse=0; global=0; static=0; extern=0; dir=1; type=0; pingpong=0; private_global=0; IO mode=ap_vld:ce=0
Port [ layer4_out_9_V]:  wired=1; compound=0; hidden=0; nouse=0; global=0; static=0; extern=0; dir=1; type=0; pingpong=0; private_global=0; IO mode=ap_vld:ce=0
Port [ layer4_out_10_V]:  wired=1; compound=0; hidden=0; nouse=0; global=0; static=0; extern=0; dir=1; type=0; pingpong=0; private_global=0; IO mode=ap_vld:ce=0
Port [ layer4_out_11_V]:  wired=1; compound=0; hidden=0; nouse=0; global=0; static=0; extern=0; dir=1; type=0; pingpong=0; private_global=0; IO mode=ap_vld:ce=0
Port [ layer4_out_12_V]:  wired=1; compound=0; hidden=0; nouse=0; global=0; static=0; extern=0; dir=1; type=0; pingpong=0; private_global=0; IO mode=ap_vld:ce=0
Port [ layer4_out_13_V]:  wired=1; compound=0; hidden=0; nouse=0; global=0; static=0; extern=0; dir=1; type=0; pingpong=0; private_global=0; IO mode=ap_vld:ce=0
Port [ layer4_out_14_V]:  wired=1; compound=0; hidden=0; nouse=0; global=0; static=0; extern=0; dir=1; type=0; pingpong=0; private_global=0; IO mode=ap_vld:ce=0
Port [ layer4_out_15_V]:  wired=1; compound=0; hidden=0; nouse=0; global=0; static=0; extern=0; dir=1; type=0; pingpong=0; private_global=0; IO mode=ap_vld:ce=0
Port [ layer4_out_16_V]:  wired=1; compound=0; hidden=0; nouse=0; global=0; static=0; extern=0; dir=1; type=0; pingpong=0; private_global=0; IO mode=ap_vld:ce=0
Port [ layer4_out_17_V]:  wired=1; compound=0; hidden=0; nouse=0; global=0; static=0; extern=0; dir=1; type=0; pingpong=0; private_global=0; IO mode=ap_vld:ce=0
Port [ layer4_out_18_V]:  wired=1; compound=0; hidden=0; nouse=0; global=0; static=0; extern=0; dir=1; type=0; pingpong=0; private_global=0; IO mode=ap_vld:ce=0
Port [ layer4_out_19_V]:  wired=1; compound=0; hidden=0; nouse=0; global=0; static=0; extern=0; dir=1; type=0; pingpong=0; private_global=0; IO mode=ap_vld:ce=0
Port [ layer4_out_20_V]:  wired=1; compound=0; hidden=0; nouse=0; global=0; static=0; extern=0; dir=1; type=0; pingpong=0; private_global=0; IO mode=ap_vld:ce=0
Port [ layer4_out_21_V]:  wired=1; compound=0; hidden=0; nouse=0; global=0; static=0; extern=0; dir=1; type=0; pingpong=0; private_global=0; IO mode=ap_vld:ce=0
Port [ layer4_out_22_V]:  wired=1; compound=0; hidden=0; nouse=0; global=0; static=0; extern=0; dir=1; type=0; pingpong=0; private_global=0; IO mode=ap_vld:ce=0
Port [ layer4_out_23_V]:  wired=1; compound=0; hidden=0; nouse=0; global=0; static=0; extern=0; dir=1; type=0; pingpong=0; private_global=0; IO mode=ap_vld:ce=0
Port [ layer4_out_24_V]:  wired=1; compound=0; hidden=0; nouse=0; global=0; static=0; extern=0; dir=1; type=0; pingpong=0; private_global=0; IO mode=ap_vld:ce=0
Port [ layer4_out_25_V]:  wired=1; compound=0; hidden=0; nouse=0; global=0; static=0; extern=0; dir=1; type=0; pingpong=0; private_global=0; IO mode=ap_vld:ce=0
Port [ layer4_out_26_V]:  wired=1; compound=0; hidden=0; nouse=0; global=0; static=0; extern=0; dir=1; type=0; pingpong=0; private_global=0; IO mode=ap_vld:ce=0
Port [ layer4_out_27_V]:  wired=1; compound=0; hidden=0; nouse=0; global=0; static=0; extern=0; dir=1; type=0; pingpong=0; private_global=0; IO mode=ap_vld:ce=0
Port [ layer4_out_28_V]:  wired=1; compound=0; hidden=0; nouse=0; global=0; static=0; extern=0; dir=1; type=0; pingpong=0; private_global=0; IO mode=ap_vld:ce=0
Port [ layer4_out_29_V]:  wired=1; compound=0; hidden=0; nouse=0; global=0; static=0; extern=0; dir=1; type=0; pingpong=0; private_global=0; IO mode=ap_vld:ce=0
Port [ layer4_out_30_V]:  wired=1; compound=0; hidden=0; nouse=0; global=0; static=0; extern=0; dir=1; type=0; pingpong=0; private_global=0; IO mode=ap_vld:ce=0
Port [ layer4_out_31_V]:  wired=1; compound=0; hidden=0; nouse=0; global=0; static=0; extern=0; dir=1; type=0; pingpong=0; private_global=0; IO mode=ap_vld:ce=0
Port [ layer4_out_32_V]:  wired=1; compound=0; hidden=0; nouse=0; global=0; static=0; extern=0; dir=1; type=0; pingpong=0; private_global=0; IO mode=ap_vld:ce=0
Port [ layer4_out_33_V]:  wired=1; compound=0; hidden=0; nouse=0; global=0; static=0; extern=0; dir=1; type=0; pingpong=0; private_global=0; IO mode=ap_vld:ce=0
Port [ layer4_out_34_V]:  wired=1; compound=0; hidden=0; nouse=0; global=0; static=0; extern=0; dir=1; type=0; pingpong=0; private_global=0; IO mode=ap_vld:ce=0
Port [ layer4_out_35_V]:  wired=1; compound=0; hidden=0; nouse=0; global=0; static=0; extern=0; dir=1; type=0; pingpong=0; private_global=0; IO mode=ap_vld:ce=0
Port [ layer4_out_36_V]:  wired=1; compound=0; hidden=0; nouse=0; global=0; static=0; extern=0; dir=1; type=0; pingpong=0; private_global=0; IO mode=ap_vld:ce=0
Port [ layer4_out_37_V]:  wired=1; compound=0; hidden=0; nouse=0; global=0; static=0; extern=0; dir=1; type=0; pingpong=0; private_global=0; IO mode=ap_vld:ce=0
Port [ layer4_out_38_V]:  wired=1; compound=0; hidden=0; nouse=0; global=0; static=0; extern=0; dir=1; type=0; pingpong=0; private_global=0; IO mode=ap_vld:ce=0
Port [ layer4_out_39_V]:  wired=1; compound=0; hidden=0; nouse=0; global=0; static=0; extern=0; dir=1; type=0; pingpong=0; private_global=0; IO mode=ap_vld:ce=0
Port [ layer4_out_40_V]:  wired=1; compound=0; hidden=0; nouse=0; global=0; static=0; extern=0; dir=1; type=0; pingpong=0; private_global=0; IO mode=ap_vld:ce=0
Port [ layer4_out_41_V]:  wired=1; compound=0; hidden=0; nouse=0; global=0; static=0; extern=0; dir=1; type=0; pingpong=0; private_global=0; IO mode=ap_vld:ce=0
Port [ layer4_out_42_V]:  wired=1; compound=0; hidden=0; nouse=0; global=0; static=0; extern=0; dir=1; type=0; pingpong=0; private_global=0; IO mode=ap_vld:ce=0
Port [ layer4_out_43_V]:  wired=1; compound=0; hidden=0; nouse=0; global=0; static=0; extern=0; dir=1; type=0; pingpong=0; private_global=0; IO mode=ap_vld:ce=0
Port [ layer4_out_44_V]:  wired=1; compound=0; hidden=0; nouse=0; global=0; static=0; extern=0; dir=1; type=0; pingpong=0; private_global=0; IO mode=ap_vld:ce=0
Port [ layer4_out_45_V]:  wired=1; compound=0; hidden=0; nouse=0; global=0; static=0; extern=0; dir=1; type=0; pingpong=0; private_global=0; IO mode=ap_vld:ce=0
Port [ layer4_out_46_V]:  wired=1; compound=0; hidden=0; nouse=0; global=0; static=0; extern=0; dir=1; type=0; pingpong=0; private_global=0; IO mode=ap_vld:ce=0
Port [ layer4_out_47_V]:  wired=1; compound=0; hidden=0; nouse=0; global=0; static=0; extern=0; dir=1; type=0; pingpong=0; private_global=0; IO mode=ap_vld:ce=0
Port [ layer4_out_48_V]:  wired=1; compound=0; hidden=0; nouse=0; global=0; static=0; extern=0; dir=1; type=0; pingpong=0; private_global=0; IO mode=ap_vld:ce=0
Port [ layer4_out_49_V]:  wired=1; compound=0; hidden=0; nouse=0; global=0; static=0; extern=0; dir=1; type=0; pingpong=0; private_global=0; IO mode=ap_vld:ce=0
Port [ layer4_out_50_V]:  wired=1; compound=0; hidden=0; nouse=0; global=0; static=0; extern=0; dir=1; type=0; pingpong=0; private_global=0; IO mode=ap_vld:ce=0
Port [ layer4_out_51_V]:  wired=1; compound=0; hidden=0; nouse=0; global=0; static=0; extern=0; dir=1; type=0; pingpong=0; private_global=0; IO mode=ap_vld:ce=0
Port [ layer4_out_52_V]:  wired=1; compound=0; hidden=0; nouse=0; global=0; static=0; extern=0; dir=1; type=0; pingpong=0; private_global=0; IO mode=ap_vld:ce=0
Port [ layer4_out_53_V]:  wired=1; compound=0; hidden=0; nouse=0; global=0; static=0; extern=0; dir=1; type=0; pingpong=0; private_global=0; IO mode=ap_vld:ce=0
Port [ layer4_out_54_V]:  wired=1; compound=0; hidden=0; nouse=0; global=0; static=0; extern=0; dir=1; type=0; pingpong=0; private_global=0; IO mode=ap_vld:ce=0
Port [ layer4_out_55_V]:  wired=1; compound=0; hidden=0; nouse=0; global=0; static=0; extern=0; dir=1; type=0; pingpong=0; private_global=0; IO mode=ap_vld:ce=0
Port [ layer4_out_56_V]:  wired=1; compound=0; hidden=0; nouse=0; global=0; static=0; extern=0; dir=1; type=0; pingpong=0; private_global=0; IO mode=ap_vld:ce=0
Port [ layer4_out_57_V]:  wired=1; compound=0; hidden=0; nouse=0; global=0; static=0; extern=0; dir=1; type=0; pingpong=0; private_global=0; IO mode=ap_vld:ce=0
Port [ layer4_out_58_V]:  wired=1; compound=0; hidden=0; nouse=0; global=0; static=0; extern=0; dir=1; type=0; pingpong=0; private_global=0; IO mode=ap_vld:ce=0
Port [ layer4_out_59_V]:  wired=1; compound=0; hidden=0; nouse=0; global=0; static=0; extern=0; dir=1; type=0; pingpong=0; private_global=0; IO mode=ap_vld:ce=0
---------------- STG Properties END ------------------

---------------- Datapath Model BEGIN ----------------

<LifeTime>
<method=bitvector/>
specdataflowpipeline_ln15 (specdataflowpipeline) [ 000]
specbitsmap_ln0           (specbitsmap         ) [ 000]
specbitsmap_ln0           (specbitsmap         ) [ 000]
specbitsmap_ln0           (specbitsmap         ) [ 000]
specbitsmap_ln0           (specbitsmap         ) [ 000]
specbitsmap_ln0           (specbitsmap         ) [ 000]
specbitsmap_ln0           (specbitsmap         ) [ 000]
specbitsmap_ln0           (specbitsmap         ) [ 000]
specbitsmap_ln0           (specbitsmap         ) [ 000]
specbitsmap_ln0           (specbitsmap         ) [ 000]
specbitsmap_ln0           (specbitsmap         ) [ 000]
specbitsmap_ln0           (specbitsmap         ) [ 000]
specbitsmap_ln0           (specbitsmap         ) [ 000]
specbitsmap_ln0           (specbitsmap         ) [ 000]
specbitsmap_ln0           (specbitsmap         ) [ 000]
specbitsmap_ln0           (specbitsmap         ) [ 000]
specbitsmap_ln0           (specbitsmap         ) [ 000]
specbitsmap_ln0           (specbitsmap         ) [ 000]
specbitsmap_ln0           (specbitsmap         ) [ 000]
specbitsmap_ln0           (specbitsmap         ) [ 000]
specbitsmap_ln0           (specbitsmap         ) [ 000]
specbitsmap_ln0           (specbitsmap         ) [ 000]
specbitsmap_ln0           (specbitsmap         ) [ 000]
specbitsmap_ln0           (specbitsmap         ) [ 000]
specbitsmap_ln0           (specbitsmap         ) [ 000]
specbitsmap_ln0           (specbitsmap         ) [ 000]
specbitsmap_ln0           (specbitsmap         ) [ 000]
specbitsmap_ln0           (specbitsmap         ) [ 000]
specbitsmap_ln0           (specbitsmap         ) [ 000]
specbitsmap_ln0           (specbitsmap         ) [ 000]
specbitsmap_ln0           (specbitsmap         ) [ 000]
specbitsmap_ln0           (specbitsmap         ) [ 000]
specbitsmap_ln0           (specbitsmap         ) [ 000]
specbitsmap_ln0           (specbitsmap         ) [ 000]
specbitsmap_ln0           (specbitsmap         ) [ 000]
specbitsmap_ln0           (specbitsmap         ) [ 000]
specbitsmap_ln0           (specbitsmap         ) [ 000]
specbitsmap_ln0           (specbitsmap         ) [ 000]
specbitsmap_ln0           (specbitsmap         ) [ 000]
specbitsmap_ln0           (specbitsmap         ) [ 000]
specbitsmap_ln0           (specbitsmap         ) [ 000]
specbitsmap_ln0           (specbitsmap         ) [ 000]
specbitsmap_ln0           (specbitsmap         ) [ 000]
specbitsmap_ln0           (specbitsmap         ) [ 000]
specbitsmap_ln0           (specbitsmap         ) [ 000]
specbitsmap_ln0           (specbitsmap         ) [ 000]
specbitsmap_ln0           (specbitsmap         ) [ 000]
specbitsmap_ln0           (specbitsmap         ) [ 000]
specbitsmap_ln0           (specbitsmap         ) [ 000]
specbitsmap_ln0           (specbitsmap         ) [ 000]
specbitsmap_ln0           (specbitsmap         ) [ 000]
specbitsmap_ln0           (specbitsmap         ) [ 000]
specbitsmap_ln0           (specbitsmap         ) [ 000]
specbitsmap_ln0           (specbitsmap         ) [ 000]
specbitsmap_ln0           (specbitsmap         ) [ 000]
specbitsmap_ln0           (specbitsmap         ) [ 000]
specbitsmap_ln0           (specbitsmap         ) [ 000]
specbitsmap_ln0           (specbitsmap         ) [ 000]
specbitsmap_ln0           (specbitsmap         ) [ 000]
specbitsmap_ln0           (specbitsmap         ) [ 000]
specbitsmap_ln0           (specbitsmap         ) [ 000]
specbitsmap_ln0           (specbitsmap         ) [ 000]
spectopmodule_ln0         (spectopmodule       ) [ 000]
specinterface_ln0         (specinterface       ) [ 000]
specinterface_ln14        (specinterface       ) [ 000]
call_ln0                  (call                ) [ 000]
ret_ln35                  (ret                 ) [ 000]
</LifeTime>

<model>

<comp_list>
<comp id="0" class="1000" name="q_input_1_V">
<pin_list>
<pin id="1" dir="1" index="0" bw="1" slack="0"/>
</pin_list>
<bind>
<StgValue><ssdm name="q_input_1_V"/></StgValue>
</bind>
</comp>

<comp id="2" class="1000" name="layer4_out_0_V">
<pin_list>
<pin id="3" dir="1" index="0" bw="1" slack="0"/>
</pin_list>
<bind>
<StgValue><ssdm name="layer4_out_0_V"/></StgValue>
</bind>
</comp>

<comp id="4" class="1000" name="layer4_out_1_V">
<pin_list>
<pin id="5" dir="1" index="0" bw="1" slack="0"/>
</pin_list>
<bind>
<StgValue><ssdm name="layer4_out_1_V"/></StgValue>
</bind>
</comp>

<comp id="6" class="1000" name="layer4_out_2_V">
<pin_list>
<pin id="7" dir="1" index="0" bw="1" slack="0"/>
</pin_list>
<bind>
<StgValue><ssdm name="layer4_out_2_V"/></StgValue>
</bind>
</comp>

<comp id="8" class="1000" name="layer4_out_3_V">
<pin_list>
<pin id="9" dir="1" index="0" bw="1" slack="0"/>
</pin_list>
<bind>
<StgValue><ssdm name="layer4_out_3_V"/></StgValue>
</bind>
</comp>

<comp id="10" class="1000" name="layer4_out_4_V">
<pin_list>
<pin id="11" dir="1" index="0" bw="1" slack="0"/>
</pin_list>
<bind>
<StgValue><ssdm name="layer4_out_4_V"/></StgValue>
</bind>
</comp>

<comp id="12" class="1000" name="layer4_out_5_V">
<pin_list>
<pin id="13" dir="1" index="0" bw="1" slack="0"/>
</pin_list>
<bind>
<StgValue><ssdm name="layer4_out_5_V"/></StgValue>
</bind>
</comp>

<comp id="14" class="1000" name="layer4_out_6_V">
<pin_list>
<pin id="15" dir="1" index="0" bw="1" slack="0"/>
</pin_list>
<bind>
<StgValue><ssdm name="layer4_out_6_V"/></StgValue>
</bind>
</comp>

<comp id="16" class="1000" name="layer4_out_7_V">
<pin_list>
<pin id="17" dir="1" index="0" bw="1" slack="0"/>
</pin_list>
<bind>
<StgValue><ssdm name="layer4_out_7_V"/></StgValue>
</bind>
</comp>

<comp id="18" class="1000" name="layer4_out_8_V">
<pin_list>
<pin id="19" dir="1" index="0" bw="1" slack="0"/>
</pin_list>
<bind>
<StgValue><ssdm name="layer4_out_8_V"/></StgValue>
</bind>
</comp>

<comp id="20" class="1000" name="layer4_out_9_V">
<pin_list>
<pin id="21" dir="1" index="0" bw="1" slack="0"/>
</pin_list>
<bind>
<StgValue><ssdm name="layer4_out_9_V"/></StgValue>
</bind>
</comp>

<comp id="22" class="1000" name="layer4_out_10_V">
<pin_list>
<pin id="23" dir="1" index="0" bw="1" slack="0"/>
</pin_list>
<bind>
<StgValue><ssdm name="layer4_out_10_V"/></StgValue>
</bind>
</comp>

<comp id="24" class="1000" name="layer4_out_11_V">
<pin_list>
<pin id="25" dir="1" index="0" bw="1" slack="0"/>
</pin_list>
<bind>
<StgValue><ssdm name="layer4_out_11_V"/></StgValue>
</bind>
</comp>

<comp id="26" class="1000" name="layer4_out_12_V">
<pin_list>
<pin id="27" dir="1" index="0" bw="1" slack="0"/>
</pin_list>
<bind>
<StgValue><ssdm name="layer4_out_12_V"/></StgValue>
</bind>
</comp>

<comp id="28" class="1000" name="layer4_out_13_V">
<pin_list>
<pin id="29" dir="1" index="0" bw="1" slack="0"/>
</pin_list>
<bind>
<StgValue><ssdm name="layer4_out_13_V"/></StgValue>
</bind>
</comp>

<comp id="30" class="1000" name="layer4_out_14_V">
<pin_list>
<pin id="31" dir="1" index="0" bw="1" slack="0"/>
</pin_list>
<bind>
<StgValue><ssdm name="layer4_out_14_V"/></StgValue>
</bind>
</comp>

<comp id="32" class="1000" name="layer4_out_15_V">
<pin_list>
<pin id="33" dir="1" index="0" bw="1" slack="0"/>
</pin_list>
<bind>
<StgValue><ssdm name="layer4_out_15_V"/></StgValue>
</bind>
</comp>

<comp id="34" class="1000" name="layer4_out_16_V">
<pin_list>
<pin id="35" dir="1" index="0" bw="1" slack="0"/>
</pin_list>
<bind>
<StgValue><ssdm name="layer4_out_16_V"/></StgValue>
</bind>
</comp>

<comp id="36" class="1000" name="layer4_out_17_V">
<pin_list>
<pin id="37" dir="1" index="0" bw="1" slack="0"/>
</pin_list>
<bind>
<StgValue><ssdm name="layer4_out_17_V"/></StgValue>
</bind>
</comp>

<comp id="38" class="1000" name="layer4_out_18_V">
<pin_list>
<pin id="39" dir="1" index="0" bw="1" slack="0"/>
</pin_list>
<bind>
<StgValue><ssdm name="layer4_out_18_V"/></StgValue>
</bind>
</comp>

<comp id="40" class="1000" name="layer4_out_19_V">
<pin_list>
<pin id="41" dir="1" index="0" bw="1" slack="0"/>
</pin_list>
<bind>
<StgValue><ssdm name="layer4_out_19_V"/></StgValue>
</bind>
</comp>

<comp id="42" class="1000" name="layer4_out_20_V">
<pin_list>
<pin id="43" dir="1" index="0" bw="1" slack="0"/>
</pin_list>
<bind>
<StgValue><ssdm name="layer4_out_20_V"/></StgValue>
</bind>
</comp>

<comp id="44" class="1000" name="layer4_out_21_V">
<pin_list>
<pin id="45" dir="1" index="0" bw="1" slack="0"/>
</pin_list>
<bind>
<StgValue><ssdm name="layer4_out_21_V"/></StgValue>
</bind>
</comp>

<comp id="46" class="1000" name="layer4_out_22_V">
<pin_list>
<pin id="47" dir="1" index="0" bw="1" slack="0"/>
</pin_list>
<bind>
<StgValue><ssdm name="layer4_out_22_V"/></StgValue>
</bind>
</comp>

<comp id="48" class="1000" name="layer4_out_23_V">
<pin_list>
<pin id="49" dir="1" index="0" bw="1" slack="0"/>
</pin_list>
<bind>
<StgValue><ssdm name="layer4_out_23_V"/></StgValue>
</bind>
</comp>

<comp id="50" class="1000" name="layer4_out_24_V">
<pin_list>
<pin id="51" dir="1" index="0" bw="1" slack="0"/>
</pin_list>
<bind>
<StgValue><ssdm name="layer4_out_24_V"/></StgValue>
</bind>
</comp>

<comp id="52" class="1000" name="layer4_out_25_V">
<pin_list>
<pin id="53" dir="1" index="0" bw="1" slack="0"/>
</pin_list>
<bind>
<StgValue><ssdm name="layer4_out_25_V"/></StgValue>
</bind>
</comp>

<comp id="54" class="1000" name="layer4_out_26_V">
<pin_list>
<pin id="55" dir="1" index="0" bw="1" slack="0"/>
</pin_list>
<bind>
<StgValue><ssdm name="layer4_out_26_V"/></StgValue>
</bind>
</comp>

<comp id="56" class="1000" name="layer4_out_27_V">
<pin_list>
<pin id="57" dir="1" index="0" bw="1" slack="0"/>
</pin_list>
<bind>
<StgValue><ssdm name="layer4_out_27_V"/></StgValue>
</bind>
</comp>

<comp id="58" class="1000" name="layer4_out_28_V">
<pin_list>
<pin id="59" dir="1" index="0" bw="1" slack="0"/>
</pin_list>
<bind>
<StgValue><ssdm name="layer4_out_28_V"/></StgValue>
</bind>
</comp>

<comp id="60" class="1000" name="layer4_out_29_V">
<pin_list>
<pin id="61" dir="1" index="0" bw="1" slack="0"/>
</pin_list>
<bind>
<StgValue><ssdm name="layer4_out_29_V"/></StgValue>
</bind>
</comp>

<comp id="62" class="1000" name="layer4_out_30_V">
<pin_list>
<pin id="63" dir="1" index="0" bw="1" slack="0"/>
</pin_list>
<bind>
<StgValue><ssdm name="layer4_out_30_V"/></StgValue>
</bind>
</comp>

<comp id="64" class="1000" name="layer4_out_31_V">
<pin_list>
<pin id="65" dir="1" index="0" bw="1" slack="0"/>
</pin_list>
<bind>
<StgValue><ssdm name="layer4_out_31_V"/></StgValue>
</bind>
</comp>

<comp id="66" class="1000" name="layer4_out_32_V">
<pin_list>
<pin id="67" dir="1" index="0" bw="1" slack="0"/>
</pin_list>
<bind>
<StgValue><ssdm name="layer4_out_32_V"/></StgValue>
</bind>
</comp>

<comp id="68" class="1000" name="layer4_out_33_V">
<pin_list>
<pin id="69" dir="1" index="0" bw="1" slack="0"/>
</pin_list>
<bind>
<StgValue><ssdm name="layer4_out_33_V"/></StgValue>
</bind>
</comp>

<comp id="70" class="1000" name="layer4_out_34_V">
<pin_list>
<pin id="71" dir="1" index="0" bw="1" slack="0"/>
</pin_list>
<bind>
<StgValue><ssdm name="layer4_out_34_V"/></StgValue>
</bind>
</comp>

<comp id="72" class="1000" name="layer4_out_35_V">
<pin_list>
<pin id="73" dir="1" index="0" bw="1" slack="0"/>
</pin_list>
<bind>
<StgValue><ssdm name="layer4_out_35_V"/></StgValue>
</bind>
</comp>

<comp id="74" class="1000" name="layer4_out_36_V">
<pin_list>
<pin id="75" dir="1" index="0" bw="1" slack="0"/>
</pin_list>
<bind>
<StgValue><ssdm name="layer4_out_36_V"/></StgValue>
</bind>
</comp>

<comp id="76" class="1000" name="layer4_out_37_V">
<pin_list>
<pin id="77" dir="1" index="0" bw="1" slack="0"/>
</pin_list>
<bind>
<StgValue><ssdm name="layer4_out_37_V"/></StgValue>
</bind>
</comp>

<comp id="78" class="1000" name="layer4_out_38_V">
<pin_list>
<pin id="79" dir="1" index="0" bw="1" slack="0"/>
</pin_list>
<bind>
<StgValue><ssdm name="layer4_out_38_V"/></StgValue>
</bind>
</comp>

<comp id="80" class="1000" name="layer4_out_39_V">
<pin_list>
<pin id="81" dir="1" index="0" bw="1" slack="0"/>
</pin_list>
<bind>
<StgValue><ssdm name="layer4_out_39_V"/></StgValue>
</bind>
</comp>

<comp id="82" class="1000" name="layer4_out_40_V">
<pin_list>
<pin id="83" dir="1" index="0" bw="1" slack="0"/>
</pin_list>
<bind>
<StgValue><ssdm name="layer4_out_40_V"/></StgValue>
</bind>
</comp>

<comp id="84" class="1000" name="layer4_out_41_V">
<pin_list>
<pin id="85" dir="1" index="0" bw="1" slack="0"/>
</pin_list>
<bind>
<StgValue><ssdm name="layer4_out_41_V"/></StgValue>
</bind>
</comp>

<comp id="86" class="1000" name="layer4_out_42_V">
<pin_list>
<pin id="87" dir="1" index="0" bw="1" slack="0"/>
</pin_list>
<bind>
<StgValue><ssdm name="layer4_out_42_V"/></StgValue>
</bind>
</comp>

<comp id="88" class="1000" name="layer4_out_43_V">
<pin_list>
<pin id="89" dir="1" index="0" bw="1" slack="0"/>
</pin_list>
<bind>
<StgValue><ssdm name="layer4_out_43_V"/></StgValue>
</bind>
</comp>

<comp id="90" class="1000" name="layer4_out_44_V">
<pin_list>
<pin id="91" dir="1" index="0" bw="1" slack="0"/>
</pin_list>
<bind>
<StgValue><ssdm name="layer4_out_44_V"/></StgValue>
</bind>
</comp>

<comp id="92" class="1000" name="layer4_out_45_V">
<pin_list>
<pin id="93" dir="1" index="0" bw="1" slack="0"/>
</pin_list>
<bind>
<StgValue><ssdm name="layer4_out_45_V"/></StgValue>
</bind>
</comp>

<comp id="94" class="1000" name="layer4_out_46_V">
<pin_list>
<pin id="95" dir="1" index="0" bw="1" slack="0"/>
</pin_list>
<bind>
<StgValue><ssdm name="layer4_out_46_V"/></StgValue>
</bind>
</comp>

<comp id="96" class="1000" name="layer4_out_47_V">
<pin_list>
<pin id="97" dir="1" index="0" bw="1" slack="0"/>
</pin_list>
<bind>
<StgValue><ssdm name="layer4_out_47_V"/></StgValue>
</bind>
</comp>

<comp id="98" class="1000" name="layer4_out_48_V">
<pin_list>
<pin id="99" dir="1" index="0" bw="1" slack="0"/>
</pin_list>
<bind>
<StgValue><ssdm name="layer4_out_48_V"/></StgValue>
</bind>
</comp>

<comp id="100" class="1000" name="layer4_out_49_V">
<pin_list>
<pin id="101" dir="1" index="0" bw="1" slack="0"/>
</pin_list>
<bind>
<StgValue><ssdm name="layer4_out_49_V"/></StgValue>
</bind>
</comp>

<comp id="102" class="1000" name="layer4_out_50_V">
<pin_list>
<pin id="103" dir="1" index="0" bw="1" slack="0"/>
</pin_list>
<bind>
<StgValue><ssdm name="layer4_out_50_V"/></StgValue>
</bind>
</comp>

<comp id="104" class="1000" name="layer4_out_51_V">
<pin_list>
<pin id="105" dir="1" index="0" bw="1" slack="0"/>
</pin_list>
<bind>
<StgValue><ssdm name="layer4_out_51_V"/></StgValue>
</bind>
</comp>

<comp id="106" class="1000" name="layer4_out_52_V">
<pin_list>
<pin id="107" dir="1" index="0" bw="1" slack="0"/>
</pin_list>
<bind>
<StgValue><ssdm name="layer4_out_52_V"/></StgValue>
</bind>
</comp>

<comp id="108" class="1000" name="layer4_out_53_V">
<pin_list>
<pin id="109" dir="1" index="0" bw="1" slack="0"/>
</pin_list>
<bind>
<StgValue><ssdm name="layer4_out_53_V"/></StgValue>
</bind>
</comp>

<comp id="110" class="1000" name="layer4_out_54_V">
<pin_list>
<pin id="111" dir="1" index="0" bw="1" slack="0"/>
</pin_list>
<bind>
<StgValue><ssdm name="layer4_out_54_V"/></StgValue>
</bind>
</comp>

<comp id="112" class="1000" name="layer4_out_55_V">
<pin_list>
<pin id="113" dir="1" index="0" bw="1" slack="0"/>
</pin_list>
<bind>
<StgValue><ssdm name="layer4_out_55_V"/></StgValue>
</bind>
</comp>

<comp id="114" class="1000" name="layer4_out_56_V">
<pin_list>
<pin id="115" dir="1" index="0" bw="1" slack="0"/>
</pin_list>
<bind>
<StgValue><ssdm name="layer4_out_56_V"/></StgValue>
</bind>
</comp>

<comp id="116" class="1000" name="layer4_out_57_V">
<pin_list>
<pin id="117" dir="1" index="0" bw="1" slack="0"/>
</pin_list>
<bind>
<StgValue><ssdm name="layer4_out_57_V"/></StgValue>
</bind>
</comp>

<comp id="118" class="1000" name="layer4_out_58_V">
<pin_list>
<pin id="119" dir="1" index="0" bw="1" slack="0"/>
</pin_list>
<bind>
<StgValue><ssdm name="layer4_out_58_V"/></StgValue>
</bind>
</comp>

<comp id="120" class="1000" name="layer4_out_59_V">
<pin_list>
<pin id="121" dir="1" index="0" bw="1" slack="0"/>
</pin_list>
<bind>
<StgValue><ssdm name="layer4_out_59_V"/></StgValue>
</bind>
</comp>

<comp id="122" class="1001" name="const_122">
<pin_list>
<pin id="123" dir="1" index="0" bw="1" slack="0"/>
</pin_list>
<bind>
<StgValue><ssdm name="pointwise_conv_2d_cl<ap_fixed,ap_fixed<16,6,5,3,0>,config4>"/></StgValue>
</bind>
</comp>

<comp id="124" class="1001" name="const_124">
<pin_list>
<pin id="125" dir="1" index="0" bw="1" slack="2147483647"/>
</pin_list>
<bind>
<StgValue><ssdm name="_ssdm_op_SpecDataflowPipeline"/></StgValue>
</bind>
</comp>

<comp id="126" class="1001" name="const_126">
<pin_list>
<pin id="127" dir="1" index="0" bw="1" slack="2147483647"/>
</pin_list>
<bind>
<StgValue><ssdm name=""/></StgValue>
</bind>
</comp>

<comp id="128" class="1001" name="const_128">
<pin_list>
<pin id="129" dir="1" index="0" bw="1" slack="2147483647"/>
</pin_list>
<bind>
<StgValue><ssdm name=""/></StgValue>
</bind>
</comp>

<comp id="130" class="1001" name="const_130">
<pin_list>
<pin id="131" dir="1" index="0" bw="1" slack="2147483647"/>
</pin_list>
<bind>
<StgValue><ssdm name="p_str4"/></StgValue>
</bind>
</comp>

<comp id="132" class="1001" name="const_132">
<pin_list>
<pin id="133" dir="1" index="0" bw="1" slack="2147483647"/>
</pin_list>
<bind>
<StgValue><ssdm name="_ssdm_op_SpecBitsMap"/></StgValue>
</bind>
</comp>

<comp id="134" class="1001" name="const_134">
<pin_list>
<pin id="135" dir="1" index="0" bw="1" slack="2147483647"/>
</pin_list>
<bind>
<StgValue><ssdm name="_ssdm_op_SpecTopModule"/></StgValue>
</bind>
</comp>

<comp id="136" class="1001" name="const_136">
<pin_list>
<pin id="137" dir="1" index="0" bw="1" slack="2147483647"/>
</pin_list>
<bind>
<StgValue><ssdm name="myproject_str"/></StgValue>
</bind>
</comp>

<comp id="138" class="1001" name="const_138">
<pin_list>
<pin id="139" dir="1" index="0" bw="1" slack="2147483647"/>
</pin_list>
<bind>
<StgValue><ssdm name="_ssdm_op_SpecInterface"/></StgValue>
</bind>
</comp>

<comp id="140" class="1001" name="const_140">
<pin_list>
<pin id="141" dir="1" index="0" bw="1" slack="2147483647"/>
</pin_list>
<bind>
<StgValue><ssdm name="p_str5"/></StgValue>
</bind>
</comp>

<comp id="142" class="1004" name="grp_pointwise_conv_2d_cl_ap_fixed_ap_fixed_16_6_5_3_0_config4_s_fu_142">
<pin_list>
<pin id="143" dir="0" index="0" bw="0" slack="0"/>
<pin id="144" dir="0" index="1" bw="360" slack="0"/>
<pin id="145" dir="0" index="2" bw="16" slack="0"/>
<pin id="146" dir="0" index="3" bw="16" slack="0"/>
<pin id="147" dir="0" index="4" bw="16" slack="0"/>
<pin id="148" dir="0" index="5" bw="16" slack="0"/>
<pin id="149" dir="0" index="6" bw="16" slack="0"/>
<pin id="150" dir="0" index="7" bw="16" slack="0"/>
<pin id="151" dir="0" index="8" bw="16" slack="0"/>
<pin id="152" dir="0" index="9" bw="16" slack="0"/>
<pin id="153" dir="0" index="10" bw="16" slack="0"/>
<pin id="154" dir="0" index="11" bw="16" slack="0"/>
<pin id="155" dir="0" index="12" bw="16" slack="0"/>
<pin id="156" dir="0" index="13" bw="16" slack="0"/>
<pin id="157" dir="0" index="14" bw="16" slack="0"/>
<pin id="158" dir="0" index="15" bw="16" slack="0"/>
<pin id="159" dir="0" index="16" bw="16" slack="0"/>
<pin id="160" dir="0" index="17" bw="16" slack="0"/>
<pin id="161" dir="0" index="18" bw="16" slack="0"/>
<pin id="162" dir="0" index="19" bw="16" slack="0"/>
<pin id="163" dir="0" index="20" bw="16" slack="0"/>
<pin id="164" dir="0" index="21" bw="16" slack="0"/>
<pin id="165" dir="0" index="22" bw="16" slack="0"/>
<pin id="166" dir="0" index="23" bw="16" slack="0"/>
<pin id="167" dir="0" index="24" bw="16" slack="0"/>
<pin id="168" dir="0" index="25" bw="16" slack="0"/>
<pin id="169" dir="0" index="26" bw="16" slack="0"/>
<pin id="170" dir="0" index="27" bw="16" slack="0"/>
<pin id="171" dir="0" index="28" bw="16" slack="0"/>
<pin id="172" dir="0" index="29" bw="16" slack="0"/>
<pin id="173" dir="0" index="30" bw="16" slack="0"/>
<pin id="174" dir="0" index="31" bw="16" slack="0"/>
<pin id="175" dir="0" index="32" bw="16" slack="0"/>
<pin id="176" dir="0" index="33" bw="16" slack="0"/>
<pin id="177" dir="0" index="34" bw="16" slack="0"/>
<pin id="178" dir="0" index="35" bw="16" slack="0"/>
<pin id="179" dir="0" index="36" bw="16" slack="0"/>
<pin id="180" dir="0" index="37" bw="16" slack="0"/>
<pin id="181" dir="0" index="38" bw="16" slack="0"/>
<pin id="182" dir="0" index="39" bw="16" slack="0"/>
<pin id="183" dir="0" index="40" bw="16" slack="0"/>
<pin id="184" dir="0" index="41" bw="16" slack="0"/>
<pin id="185" dir="0" index="42" bw="16" slack="0"/>
<pin id="186" dir="0" index="43" bw="16" slack="0"/>
<pin id="187" dir="0" index="44" bw="16" slack="0"/>
<pin id="188" dir="0" index="45" bw="16" slack="0"/>
<pin id="189" dir="0" index="46" bw="16" slack="0"/>
<pin id="190" dir="0" index="47" bw="16" slack="0"/>
<pin id="191" dir="0" index="48" bw="16" slack="0"/>
<pin id="192" dir="0" index="49" bw="16" slack="0"/>
<pin id="193" dir="0" index="50" bw="16" slack="0"/>
<pin id="194" dir="0" index="51" bw="16" slack="0"/>
<pin id="195" dir="0" index="52" bw="16" slack="0"/>
<pin id="196" dir="0" index="53" bw="16" slack="0"/>
<pin id="197" dir="0" index="54" bw="16" slack="0"/>
<pin id="198" dir="0" index="55" bw="16" slack="0"/>
<pin id="199" dir="0" index="56" bw="16" slack="0"/>
<pin id="200" dir="0" index="57" bw="16" slack="0"/>
<pin id="201" dir="0" index="58" bw="16" slack="0"/>
<pin id="202" dir="0" index="59" bw="16" slack="0"/>
<pin id="203" dir="0" index="60" bw="16" slack="0"/>
<pin id="204" dir="0" index="61" bw="16" slack="0"/>
<pin id="205" dir="1" index="62" bw="0" slack="2147483647"/>
</pin_list>
<bind>
<opcode="call(48) " fcode="call"/>
<opset="call_ln0/1 "/>
</bind>
</comp>

</comp_list>

<net_list>
<net id="206"><net_src comp="122" pin="0"/><net_sink comp="142" pin=0"/></net>

<net id="207"><net_src comp="0" pin="0"/><net_sink comp="142" pin=1"/></net>

<net id="208"><net_src comp="2" pin="0"/><net_sink comp="142" pin=2"/></net>

<net id="209"><net_src comp="4" pin="0"/><net_sink comp="142" pin=3"/></net>

<net id="210"><net_src comp="6" pin="0"/><net_sink comp="142" pin=4"/></net>

<net id="211"><net_src comp="8" pin="0"/><net_sink comp="142" pin=5"/></net>

<net id="212"><net_src comp="10" pin="0"/><net_sink comp="142" pin=6"/></net>

<net id="213"><net_src comp="12" pin="0"/><net_sink comp="142" pin=7"/></net>

<net id="214"><net_src comp="14" pin="0"/><net_sink comp="142" pin=8"/></net>

<net id="215"><net_src comp="16" pin="0"/><net_sink comp="142" pin=9"/></net>

<net id="216"><net_src comp="18" pin="0"/><net_sink comp="142" pin=10"/></net>

<net id="217"><net_src comp="20" pin="0"/><net_sink comp="142" pin=11"/></net>

<net id="218"><net_src comp="22" pin="0"/><net_sink comp="142" pin=12"/></net>

<net id="219"><net_src comp="24" pin="0"/><net_sink comp="142" pin=13"/></net>

<net id="220"><net_src comp="26" pin="0"/><net_sink comp="142" pin=14"/></net>

<net id="221"><net_src comp="28" pin="0"/><net_sink comp="142" pin=15"/></net>

<net id="222"><net_src comp="30" pin="0"/><net_sink comp="142" pin=16"/></net>

<net id="223"><net_src comp="32" pin="0"/><net_sink comp="142" pin=17"/></net>

<net id="224"><net_src comp="34" pin="0"/><net_sink comp="142" pin=18"/></net>

<net id="225"><net_src comp="36" pin="0"/><net_sink comp="142" pin=19"/></net>

<net id="226"><net_src comp="38" pin="0"/><net_sink comp="142" pin=20"/></net>

<net id="227"><net_src comp="40" pin="0"/><net_sink comp="142" pin=21"/></net>

<net id="228"><net_src comp="42" pin="0"/><net_sink comp="142" pin=22"/></net>

<net id="229"><net_src comp="44" pin="0"/><net_sink comp="142" pin=23"/></net>

<net id="230"><net_src comp="46" pin="0"/><net_sink comp="142" pin=24"/></net>

<net id="231"><net_src comp="48" pin="0"/><net_sink comp="142" pin=25"/></net>

<net id="232"><net_src comp="50" pin="0"/><net_sink comp="142" pin=26"/></net>

<net id="233"><net_src comp="52" pin="0"/><net_sink comp="142" pin=27"/></net>

<net id="234"><net_src comp="54" pin="0"/><net_sink comp="142" pin=28"/></net>

<net id="235"><net_src comp="56" pin="0"/><net_sink comp="142" pin=29"/></net>

<net id="236"><net_src comp="58" pin="0"/><net_sink comp="142" pin=30"/></net>

<net id="237"><net_src comp="60" pin="0"/><net_sink comp="142" pin=31"/></net>

<net id="238"><net_src comp="62" pin="0"/><net_sink comp="142" pin=32"/></net>

<net id="239"><net_src comp="64" pin="0"/><net_sink comp="142" pin=33"/></net>

<net id="240"><net_src comp="66" pin="0"/><net_sink comp="142" pin=34"/></net>

<net id="241"><net_src comp="68" pin="0"/><net_sink comp="142" pin=35"/></net>

<net id="242"><net_src comp="70" pin="0"/><net_sink comp="142" pin=36"/></net>

<net id="243"><net_src comp="72" pin="0"/><net_sink comp="142" pin=37"/></net>

<net id="244"><net_src comp="74" pin="0"/><net_sink comp="142" pin=38"/></net>

<net id="245"><net_src comp="76" pin="0"/><net_sink comp="142" pin=39"/></net>

<net id="246"><net_src comp="78" pin="0"/><net_sink comp="142" pin=40"/></net>

<net id="247"><net_src comp="80" pin="0"/><net_sink comp="142" pin=41"/></net>

<net id="248"><net_src comp="82" pin="0"/><net_sink comp="142" pin=42"/></net>

<net id="249"><net_src comp="84" pin="0"/><net_sink comp="142" pin=43"/></net>

<net id="250"><net_src comp="86" pin="0"/><net_sink comp="142" pin=44"/></net>

<net id="251"><net_src comp="88" pin="0"/><net_sink comp="142" pin=45"/></net>

<net id="252"><net_src comp="90" pin="0"/><net_sink comp="142" pin=46"/></net>

<net id="253"><net_src comp="92" pin="0"/><net_sink comp="142" pin=47"/></net>

<net id="254"><net_src comp="94" pin="0"/><net_sink comp="142" pin=48"/></net>

<net id="255"><net_src comp="96" pin="0"/><net_sink comp="142" pin=49"/></net>

<net id="256"><net_src comp="98" pin="0"/><net_sink comp="142" pin=50"/></net>

<net id="257"><net_src comp="100" pin="0"/><net_sink comp="142" pin=51"/></net>

<net id="258"><net_src comp="102" pin="0"/><net_sink comp="142" pin=52"/></net>

<net id="259"><net_src comp="104" pin="0"/><net_sink comp="142" pin=53"/></net>

<net id="260"><net_src comp="106" pin="0"/><net_sink comp="142" pin=54"/></net>

<net id="261"><net_src comp="108" pin="0"/><net_sink comp="142" pin=55"/></net>

<net id="262"><net_src comp="110" pin="0"/><net_sink comp="142" pin=56"/></net>

<net id="263"><net_src comp="112" pin="0"/><net_sink comp="142" pin=57"/></net>

<net id="264"><net_src comp="114" pin="0"/><net_sink comp="142" pin=58"/></net>

<net id="265"><net_src comp="116" pin="0"/><net_sink comp="142" pin=59"/></net>

<net id="266"><net_src comp="118" pin="0"/><net_sink comp="142" pin=60"/></net>

<net id="267"><net_src comp="120" pin="0"/><net_sink comp="142" pin=61"/></net>

</net_list>

</model> 
---------------- Datapath Model END ------------------

* FSMD analyzer results:
  - Output states:
	Port: layer4_out_0_V | {1 2 }
	Port: layer4_out_1_V | {1 2 }
	Port: layer4_out_2_V | {1 2 }
	Port: layer4_out_3_V | {1 2 }
	Port: layer4_out_4_V | {1 2 }
	Port: layer4_out_5_V | {1 2 }
	Port: layer4_out_6_V | {1 2 }
	Port: layer4_out_7_V | {1 2 }
	Port: layer4_out_8_V | {1 2 }
	Port: layer4_out_9_V | {1 2 }
	Port: layer4_out_10_V | {1 2 }
	Port: layer4_out_11_V | {1 2 }
	Port: layer4_out_12_V | {1 2 }
	Port: layer4_out_13_V | {1 2 }
	Port: layer4_out_14_V | {1 2 }
	Port: layer4_out_15_V | {1 2 }
	Port: layer4_out_16_V | {1 2 }
	Port: layer4_out_17_V | {1 2 }
	Port: layer4_out_18_V | {1 2 }
	Port: layer4_out_19_V | {1 2 }
	Port: layer4_out_20_V | {1 2 }
	Port: layer4_out_21_V | {1 2 }
	Port: layer4_out_22_V | {1 2 }
	Port: layer4_out_23_V | {1 2 }
	Port: layer4_out_24_V | {1 2 }
	Port: layer4_out_25_V | {1 2 }
	Port: layer4_out_26_V | {1 2 }
	Port: layer4_out_27_V | {1 2 }
	Port: layer4_out_28_V | {1 2 }
	Port: layer4_out_29_V | {1 2 }
	Port: layer4_out_30_V | {1 2 }
	Port: layer4_out_31_V | {1 2 }
	Port: layer4_out_32_V | {1 2 }
	Port: layer4_out_33_V | {1 2 }
	Port: layer4_out_34_V | {1 2 }
	Port: layer4_out_35_V | {1 2 }
	Port: layer4_out_36_V | {1 2 }
	Port: layer4_out_37_V | {1 2 }
	Port: layer4_out_38_V | {1 2 }
	Port: layer4_out_39_V | {1 2 }
	Port: layer4_out_40_V | {1 2 }
	Port: layer4_out_41_V | {1 2 }
	Port: layer4_out_42_V | {1 2 }
	Port: layer4_out_43_V | {1 2 }
	Port: layer4_out_44_V | {1 2 }
	Port: layer4_out_45_V | {1 2 }
	Port: layer4_out_46_V | {1 2 }
	Port: layer4_out_47_V | {1 2 }
	Port: layer4_out_48_V | {1 2 }
	Port: layer4_out_49_V | {1 2 }
	Port: layer4_out_50_V | {1 2 }
	Port: layer4_out_51_V | {1 2 }
	Port: layer4_out_52_V | {1 2 }
	Port: layer4_out_53_V | {1 2 }
	Port: layer4_out_54_V | {1 2 }
	Port: layer4_out_55_V | {1 2 }
	Port: layer4_out_56_V | {1 2 }
	Port: layer4_out_57_V | {1 2 }
	Port: layer4_out_58_V | {1 2 }
	Port: layer4_out_59_V | {1 2 }
 - Input state : 
	Port: myproject : q_input_1_V | {1 2 }
  - Chain level:
	State 1
	State 2


============================================================
+ Verbose Summary: Datapath Resource usage 
============================================================

* Functional unit list:
|----------|------------------------------------------------------------------------|---------|---------|
| Operation|                             Functional Unit                            |    FF   |   LUT   |
|----------|------------------------------------------------------------------------|---------|---------|
|   call   | grp_pointwise_conv_2d_cl_ap_fixed_ap_fixed_16_6_5_3_0_config4_s_fu_142 |   366   |   9481  |
|----------|------------------------------------------------------------------------|---------|---------|
|   Total  |                                                                        |   366   |   9481  |
|----------|------------------------------------------------------------------------|---------|---------|

Memories:
N/A

* Register list:
N/A

* Multiplexer (MUX) list: 
|--------|------|------|------|--------|
|  Comp  |  Pin | Size |  BW  | S x BW |
|--------|------|------|------|--------|
|  Total |      |      |      |    0   |
|--------|------|------|------|--------|



* Summary:
+-----------+--------+--------+
|           |   FF   |   LUT  |
+-----------+--------+--------+
|  Function |   366  |  9481  |
|   Memory  |    -   |    -   |
|Multiplexer|    -   |    -   |
|  Register |    -   |    -   |
+-----------+--------+--------+
|   Total   |   366  |  9481  |
+-----------+--------+--------+
