

================================================================
== Vivado HLS Report for 'pointwise_conv_2d_cl_ap_fixed_ap_fixed_16_6_5_3_0_config4_s'
================================================================
* Date:           Wed Dec  6 16:38:45 2023

* Version:        2019.1 (Build 2552052 on Fri May 24 15:28:33 MDT 2019)
* Project:        myproject_prj
* Solution:       solution1
* Product family: virtexuplus
* Target device:  xcu250-figd2104-2L-e


================================================================
== Performance Estimates
================================================================
+ Timing (ns): 
    * Summary: 
    +--------+-------+----------+------------+
    |  Clock | Target| Estimated| Uncertainty|
    +--------+-------+----------+------------+
    |ap_clk  |   5.00|     2.679|        0.62|
    +--------+-------+----------+------------+

+ Latency (clock cycles): 
    * Summary: 
    +-----+-----+-----+-----+---------+
    |  Latency  |  Interval | Pipeline|
    | min | max | min | max |   Type  |
    +-----+-----+-----+-----+---------+
    |    7|    7|    7|    7|   none  |
    +-----+-----+-----+-----+---------+

    + Detail: 
        * Instance: 
        N/A

        * Loop: 
        +----------+-----+-----+----------+-----------+-----------+------+----------+
        |          |  Latency  | Iteration|  Initiation Interval  | Trip |          |
        | Loop Name| min | max |  Latency |  achieved |   target  | Count| Pipelined|
        +----------+-----+-----+----------+-----------+-----------+------+----------+
        |- Loop 1  |    5|    5|         1|          1|          1|     5|    yes   |
        +----------+-----+-----+----------+-----------+-----------+------+----------+

============================================================
+ Verbose Summary: Synthesis Manager
============================================================
InlineROM: 1
ExposeGlobal: 0
============================================================
+ Verbose Summary: CDFG Model
============================================================
IsTopModel: 0
ResetActiveHigh: 1
IsCombinational: 2
IsDatapathOnly: 0
HasWiredReturn: 1
HasMFsm: 0
HasVarLatency: 1
IsPipeline: 0
IsRtlPipelined: 0
IsInstanceOverlapped: 0
IsDontTouch: 0
HasImplIP: 0
IsGatedGlobalClock: 0

+ Individual pipeline summary: 
  * Pipeline-0: initiation interval (II) = 1, depth = 1


============================================================
+ Verbose Summary: Schedule
============================================================
* Number of FSM states : 3
* Pipeline : 1
  Pipeline-0 : II = 1, D = 1, States = { 2 }
* Dataflow Pipeline: 0

* FSM state transitions: 
1 --> 2 
2 --> 3 2 
3 --> 

* FSM state operations: 

State 1 <SV = 0> <Delay = 0.60>
ST_1 : Operation 4 [1/1] (0.00ns)   --->   "%data_V_read = call i360 @_ssdm_op_Read.ap_auto.i360P(i360* %data_V)" [firmware/nnet_utils/nnet_conv2d.h:79->firmware/nnet_utils/nnet_conv2d.h:101]   --->   Operation 4 'read' 'data_V_read' <Predicate = true> <Delay = 0.00>
ST_1 : Operation 5 [1/1] (0.60ns)   --->   "br label %1" [firmware/nnet_utils/nnet_conv2d.h:68->firmware/nnet_utils/nnet_conv2d.h:101]   --->   Operation 5 'br' <Predicate = true> <Delay = 0.60>

State 2 <SV = 1> <Delay = 2.67>
ST_2 : Operation 6 [1/1] (0.00ns)   --->   "%h_0_i = phi i3 [ 0, %0 ], [ %h, %hls_label_0_end ]"   --->   Operation 6 'phi' 'h_0_i' <Predicate = true> <Delay = 0.00>
ST_2 : Operation 7 [1/1] (0.49ns)   --->   "%icmp_ln68 = icmp eq i3 %h_0_i, -3" [firmware/nnet_utils/nnet_conv2d.h:68->firmware/nnet_utils/nnet_conv2d.h:101]   --->   Operation 7 'icmp' 'icmp_ln68' <Predicate = true> <Delay = 0.49> <Core = "Cmp">   --->   Core 25 'Cmp' <Latency = 0> <II = 1> <Delay = 0.49> <FuncUnit> <Opcode : 'icmp'> <InPorts = 2> <OutPorts = 1>
ST_2 : Operation 8 [1/1] (0.00ns)   --->   "%empty = call i32 (...)* @_ssdm_op_SpecLoopTripCount(i64 5, i64 5, i64 5)"   --->   Operation 8 'speclooptripcount' 'empty' <Predicate = true> <Delay = 0.00>
ST_2 : Operation 9 [1/1] (0.26ns)   --->   "%h = add i3 %h_0_i, 1" [firmware/nnet_utils/nnet_conv2d.h:68->firmware/nnet_utils/nnet_conv2d.h:101]   --->   Operation 9 'add' 'h' <Predicate = true> <Delay = 0.26> <Core = "AddSub">   --->   Core 14 'AddSub' <Latency = 0> <II = 1> <Delay = 0.51> <FuncUnit> <Opcode : 'add' 'sub'> <InPorts = 2> <OutPorts = 1>
ST_2 : Operation 10 [1/1] (0.00ns)   --->   "br i1 %icmp_ln68, label %"pointwise_conv_2d_latency_cl<ap_fixed<12, 11, 5, 3, 0>, ap_fixed<16, 6, 5, 3, 0>, config4>.exit", label %hls_label_0_begin" [firmware/nnet_utils/nnet_conv2d.h:68->firmware/nnet_utils/nnet_conv2d.h:101]   --->   Operation 10 'br' <Predicate = true> <Delay = 0.00>
ST_2 : Operation 11 [1/1] (0.00ns)   --->   "%tmp = call i32 (...)* @_ssdm_op_SpecRegionBegin([12 x i8]* @p_str6)" [firmware/nnet_utils/nnet_conv2d.h:68->firmware/nnet_utils/nnet_conv2d.h:101]   --->   Operation 11 'specregionbegin' 'tmp' <Predicate = (!icmp_ln68)> <Delay = 0.00>
ST_2 : Operation 12 [1/1] (0.00ns)   --->   "call void (...)* @_ssdm_op_SpecPipeline(i32 1, i32 1, i32 1, i32 0, [1 x i8]* @p_str4) nounwind" [firmware/nnet_utils/nnet_conv2d.h:69->firmware/nnet_utils/nnet_conv2d.h:101]   --->   Operation 12 'specpipeline' <Predicate = (!icmp_ln68)> <Delay = 0.00>
ST_2 : Operation 13 [1/1] (0.00ns)   --->   "%shl_ln = call i6 @_ssdm_op_BitConcatenate.i6.i3.i3(i3 %h_0_i, i3 0)" [firmware/nnet_utils/nnet_conv2d.h:77->firmware/nnet_utils/nnet_conv2d.h:101]   --->   Operation 13 'bitconcatenate' 'shl_ln' <Predicate = (!icmp_ln68)> <Delay = 0.00>
ST_2 : Operation 14 [1/1] (0.00ns)   --->   "%shl_ln77_1 = call i4 @_ssdm_op_BitConcatenate.i4.i3.i1(i3 %h_0_i, i1 false)" [firmware/nnet_utils/nnet_conv2d.h:77->firmware/nnet_utils/nnet_conv2d.h:101]   --->   Operation 14 'bitconcatenate' 'shl_ln77_1' <Predicate = (!icmp_ln68)> <Delay = 0.00>
ST_2 : Operation 15 [1/1] (0.00ns)   --->   "%zext_ln1116 = zext i4 %shl_ln77_1 to i6" [firmware/nnet_utils/nnet_conv2d.h:79->firmware/nnet_utils/nnet_conv2d.h:101]   --->   Operation 15 'zext' 'zext_ln1116' <Predicate = (!icmp_ln68)> <Delay = 0.00>
ST_2 : Operation 16 [1/1] (0.43ns)   --->   "%sub_ln1116 = sub i6 %shl_ln, %zext_ln1116" [firmware/nnet_utils/nnet_conv2d.h:79->firmware/nnet_utils/nnet_conv2d.h:101]   --->   Operation 16 'sub' 'sub_ln1116' <Predicate = (!icmp_ln68)> <Delay = 0.43> <Core = "AddSub">   --->   Core 14 'AddSub' <Latency = 0> <II = 1> <Delay = 0.51> <FuncUnit> <Opcode : 'add' 'sub'> <InPorts = 2> <OutPorts = 1>
ST_2 : Operation 17 [1/1] (0.00ns)   --->   "%trunc_ln203 = trunc i3 %h_0_i to i2" [firmware/nnet_utils/nnet_conv2d.h:82->firmware/nnet_utils/nnet_conv2d.h:101]   --->   Operation 17 'trunc' 'trunc_ln203' <Predicate = (!icmp_ln68)> <Delay = 0.00>
ST_2 : Operation 18 [1/1] (0.00ns)   --->   "%shl_ln1 = call i6 @_ssdm_op_BitConcatenate.i6.i2.i4(i2 %trunc_ln203, i4 0)" [firmware/nnet_utils/nnet_conv2d.h:82->firmware/nnet_utils/nnet_conv2d.h:101]   --->   Operation 18 'bitconcatenate' 'shl_ln1' <Predicate = (!icmp_ln68)> <Delay = 0.00>
ST_2 : Operation 19 [1/1] (0.00ns)   --->   "%shl_ln2 = call i5 @_ssdm_op_BitConcatenate.i5.i3.i2(i3 %h_0_i, i2 0)" [firmware/nnet_utils/nnet_conv2d.h:81->firmware/nnet_utils/nnet_conv2d.h:101]   --->   Operation 19 'bitconcatenate' 'shl_ln2' <Predicate = (!icmp_ln68)> <Delay = 0.00>
ST_2 : Operation 20 [1/1] (0.00ns)   --->   "%zext_ln203 = zext i5 %shl_ln2 to i6" [firmware/nnet_utils/nnet_conv2d.h:82->firmware/nnet_utils/nnet_conv2d.h:101]   --->   Operation 20 'zext' 'zext_ln203' <Predicate = (!icmp_ln68)> <Delay = 0.00>
ST_2 : Operation 21 [1/1] (0.43ns)   --->   "%sub_ln203 = sub i6 %shl_ln1, %zext_ln203" [firmware/nnet_utils/nnet_conv2d.h:82->firmware/nnet_utils/nnet_conv2d.h:101]   --->   Operation 21 'sub' 'sub_ln203' <Predicate = (!icmp_ln68)> <Delay = 0.43> <Core = "AddSub">   --->   Core 14 'AddSub' <Latency = 0> <II = 1> <Delay = 0.51> <FuncUnit> <Opcode : 'add' 'sub'> <InPorts = 2> <OutPorts = 1>
ST_2 : Operation 22 [1/1] (0.00ns)   --->   "%empty_2 = trunc i6 %sub_ln1116 to i5" [firmware/nnet_utils/nnet_conv2d.h:79->firmware/nnet_utils/nnet_conv2d.h:101]   --->   Operation 22 'trunc' 'empty_2' <Predicate = (!icmp_ln68)> <Delay = 0.00>
ST_2 : Operation 23 [1/1] (0.00ns)   --->   "%p_shl1 = call i8 @_ssdm_op_BitConcatenate.i8.i6.i2(i6 %sub_ln1116, i2 0)" [firmware/nnet_utils/nnet_conv2d.h:79->firmware/nnet_utils/nnet_conv2d.h:101]   --->   Operation 23 'bitconcatenate' 'p_shl1' <Predicate = (!icmp_ln68)> <Delay = 0.00>
ST_2 : Operation 24 [1/1] (0.00ns)   --->   "%tmp_1 = call i9 @_ssdm_op_BitConcatenate.i9.i5.i4(i5 %empty_2, i4 0)" [firmware/nnet_utils/nnet_conv2d.h:79->firmware/nnet_utils/nnet_conv2d.h:101]   --->   Operation 24 'bitconcatenate' 'tmp_1' <Predicate = (!icmp_ln68)> <Delay = 0.00>
ST_2 : Operation 25 [1/1] (0.00ns)   --->   "%empty_3 = zext i8 %p_shl1 to i9" [firmware/nnet_utils/nnet_conv2d.h:79->firmware/nnet_utils/nnet_conv2d.h:101]   --->   Operation 25 'zext' 'empty_3' <Predicate = (!icmp_ln68)> <Delay = 0.00>
ST_2 : Operation 26 [1/1] (0.51ns)   --->   "%sub_ln1116_1 = sub i9 %tmp_1, %empty_3" [firmware/nnet_utils/nnet_conv2d.h:79->firmware/nnet_utils/nnet_conv2d.h:101]   --->   Operation 26 'sub' 'sub_ln1116_1' <Predicate = (!icmp_ln68)> <Delay = 0.51> <Core = "AddSub">   --->   Core 14 'AddSub' <Latency = 0> <II = 1> <Delay = 0.51> <FuncUnit> <Opcode : 'add' 'sub'> <InPorts = 2> <OutPorts = 1>
ST_2 : Operation 27 [1/1] (0.00ns)   --->   "%zext_ln1116_1 = zext i9 %sub_ln1116_1 to i360" [firmware/nnet_utils/nnet_conv2d.h:79->firmware/nnet_utils/nnet_conv2d.h:101]   --->   Operation 27 'zext' 'zext_ln1116_1' <Predicate = (!icmp_ln68)> <Delay = 0.00>
ST_2 : Operation 28 [1/1] (1.29ns)   --->   "%lshr_ln1116 = lshr i360 %data_V_read, %zext_ln1116_1" [firmware/nnet_utils/nnet_conv2d.h:79->firmware/nnet_utils/nnet_conv2d.h:101]   --->   Operation 28 'lshr' 'lshr_ln1116' <Predicate = (!icmp_ln68)> <Delay = 1.29> <Core = "Shift">   --->   Core 28 'Shift' <Latency = 0> <II = 1> <Delay = 1.29> <FuncUnit> <Opcode : 'shl' 'lshr' 'ashr'> <InPorts = 2> <OutPorts = 1>
ST_2 : Operation 29 [1/1] (0.00ns)   --->   "%trunc_ln703 = trunc i360 %lshr_ln1116 to i7" [firmware/nnet_utils/nnet_conv2d.h:79->firmware/nnet_utils/nnet_conv2d.h:101]   --->   Operation 29 'trunc' 'trunc_ln703' <Predicate = (!icmp_ln68)> <Delay = 0.00>
ST_2 : Operation 30 [1/1] (0.00ns)   --->   "%shl_ln703_1 = call i16 @_ssdm_op_BitConcatenate.i16.i7.i9(i7 %trunc_ln703, i9 0)" [firmware/nnet_utils/nnet_conv2d.h:79->firmware/nnet_utils/nnet_conv2d.h:101]   --->   Operation 30 'bitconcatenate' 'shl_ln703_1' <Predicate = (!icmp_ln68)> <Delay = 0.00>
ST_2 : Operation 31 [1/1] (0.65ns)   --->   "switch i6 %sub_ln203, label %branch708 [
    i6 0, label %branch660
    i6 12, label %branch672
    i6 24, label %branch684
    i6 -28, label %branch696
  ]" [firmware/nnet_utils/nnet_conv2d.h:82->firmware/nnet_utils/nnet_conv2d.h:101]   --->   Operation 31 'switch' <Predicate = (!icmp_ln68)> <Delay = 0.65>
ST_2 : Operation 32 [1/1] (0.00ns)   --->   "call void @_ssdm_op_Write.ap_auto.i16P(i16* %res_36_V, i16 %shl_ln703_1)" [firmware/nnet_utils/nnet_conv2d.h:82->firmware/nnet_utils/nnet_conv2d.h:101]   --->   Operation 32 'write' <Predicate = (!icmp_ln68 & sub_ln203 == 36)> <Delay = 0.00>
ST_2 : Operation 33 [1/1] (0.00ns)   --->   "br label %_ZN8ap_fixedILi16ELi6EL9ap_q_mode5EL9ap_o_mode3ELi0EEC1ILi1ELb0EEERK11ap_int_baseIXT_EXT0_EE.exit.i.0.0790" [firmware/nnet_utils/nnet_conv2d.h:82->firmware/nnet_utils/nnet_conv2d.h:101]   --->   Operation 33 'br' <Predicate = (!icmp_ln68 & sub_ln203 == 36)> <Delay = 0.00>
ST_2 : Operation 34 [1/1] (0.00ns)   --->   "call void @_ssdm_op_Write.ap_auto.i16P(i16* %res_24_V, i16 %shl_ln703_1)" [firmware/nnet_utils/nnet_conv2d.h:82->firmware/nnet_utils/nnet_conv2d.h:101]   --->   Operation 34 'write' <Predicate = (!icmp_ln68 & sub_ln203 == 24)> <Delay = 0.00>
ST_2 : Operation 35 [1/1] (0.00ns)   --->   "br label %_ZN8ap_fixedILi16ELi6EL9ap_q_mode5EL9ap_o_mode3ELi0EEC1ILi1ELb0EEERK11ap_int_baseIXT_EXT0_EE.exit.i.0.0790" [firmware/nnet_utils/nnet_conv2d.h:82->firmware/nnet_utils/nnet_conv2d.h:101]   --->   Operation 35 'br' <Predicate = (!icmp_ln68 & sub_ln203 == 24)> <Delay = 0.00>
ST_2 : Operation 36 [1/1] (0.00ns)   --->   "call void @_ssdm_op_Write.ap_auto.i16P(i16* %res_12_V, i16 %shl_ln703_1)" [firmware/nnet_utils/nnet_conv2d.h:82->firmware/nnet_utils/nnet_conv2d.h:101]   --->   Operation 36 'write' <Predicate = (!icmp_ln68 & sub_ln203 == 12)> <Delay = 0.00>
ST_2 : Operation 37 [1/1] (0.00ns)   --->   "br label %_ZN8ap_fixedILi16ELi6EL9ap_q_mode5EL9ap_o_mode3ELi0EEC1ILi1ELb0EEERK11ap_int_baseIXT_EXT0_EE.exit.i.0.0790" [firmware/nnet_utils/nnet_conv2d.h:82->firmware/nnet_utils/nnet_conv2d.h:101]   --->   Operation 37 'br' <Predicate = (!icmp_ln68 & sub_ln203 == 12)> <Delay = 0.00>
ST_2 : Operation 38 [1/1] (0.00ns)   --->   "call void @_ssdm_op_Write.ap_auto.i16P(i16* %res_0_V, i16 %shl_ln703_1)" [firmware/nnet_utils/nnet_conv2d.h:82->firmware/nnet_utils/nnet_conv2d.h:101]   --->   Operation 38 'write' <Predicate = (!icmp_ln68 & sub_ln203 == 0)> <Delay = 0.00>
ST_2 : Operation 39 [1/1] (0.00ns)   --->   "br label %_ZN8ap_fixedILi16ELi6EL9ap_q_mode5EL9ap_o_mode3ELi0EEC1ILi1ELb0EEERK11ap_int_baseIXT_EXT0_EE.exit.i.0.0790" [firmware/nnet_utils/nnet_conv2d.h:82->firmware/nnet_utils/nnet_conv2d.h:101]   --->   Operation 39 'br' <Predicate = (!icmp_ln68 & sub_ln203 == 0)> <Delay = 0.00>
ST_2 : Operation 40 [1/1] (0.00ns)   --->   "call void @_ssdm_op_Write.ap_auto.i16P(i16* %res_48_V, i16 %shl_ln703_1)" [firmware/nnet_utils/nnet_conv2d.h:82->firmware/nnet_utils/nnet_conv2d.h:101]   --->   Operation 40 'write' <Predicate = (!icmp_ln68 & sub_ln203 != 0 & sub_ln203 != 12 & sub_ln203 != 24 & sub_ln203 != 36)> <Delay = 0.00>
ST_2 : Operation 41 [1/1] (0.00ns)   --->   "br label %_ZN8ap_fixedILi16ELi6EL9ap_q_mode5EL9ap_o_mode3ELi0EEC1ILi1ELb0EEERK11ap_int_baseIXT_EXT0_EE.exit.i.0.0790" [firmware/nnet_utils/nnet_conv2d.h:82->firmware/nnet_utils/nnet_conv2d.h:101]   --->   Operation 41 'br' <Predicate = (!icmp_ln68 & sub_ln203 != 0 & sub_ln203 != 12 & sub_ln203 != 24 & sub_ln203 != 36)> <Delay = 0.00>
ST_2 : Operation 42 [1/1] (0.00ns)   --->   "%or_ln203 = or i6 %sub_ln203, 1" [firmware/nnet_utils/nnet_conv2d.h:82->firmware/nnet_utils/nnet_conv2d.h:101]   --->   Operation 42 'or' 'or_ln203' <Predicate = (!icmp_ln68)> <Delay = 0.00>
ST_2 : Operation 43 [1/1] (0.65ns)   --->   "switch i6 %or_ln203, label %branch649 [
    i6 1, label %branch601
    i6 13, label %branch613
    i6 25, label %branch625
    i6 -27, label %branch637
  ]" [firmware/nnet_utils/nnet_conv2d.h:82->firmware/nnet_utils/nnet_conv2d.h:101]   --->   Operation 43 'switch' <Predicate = (!icmp_ln68)> <Delay = 0.65>
ST_2 : Operation 44 [1/1] (0.00ns)   --->   "call void @_ssdm_op_Write.ap_auto.i16P(i16* %res_37_V, i16 %shl_ln703_1)" [firmware/nnet_utils/nnet_conv2d.h:82->firmware/nnet_utils/nnet_conv2d.h:101]   --->   Operation 44 'write' <Predicate = (!icmp_ln68 & or_ln203 == 37)> <Delay = 0.00>
ST_2 : Operation 45 [1/1] (0.00ns)   --->   "br label %_ZN8ap_fixedILi16ELi6EL9ap_q_mode5EL9ap_o_mode3ELi0EEC1ILi1ELb0EEERK11ap_int_baseIXT_EXT0_EE.exit.i.0.0729" [firmware/nnet_utils/nnet_conv2d.h:82->firmware/nnet_utils/nnet_conv2d.h:101]   --->   Operation 45 'br' <Predicate = (!icmp_ln68 & or_ln203 == 37)> <Delay = 0.00>
ST_2 : Operation 46 [1/1] (0.00ns)   --->   "call void @_ssdm_op_Write.ap_auto.i16P(i16* %res_25_V, i16 %shl_ln703_1)" [firmware/nnet_utils/nnet_conv2d.h:82->firmware/nnet_utils/nnet_conv2d.h:101]   --->   Operation 46 'write' <Predicate = (!icmp_ln68 & or_ln203 == 25)> <Delay = 0.00>
ST_2 : Operation 47 [1/1] (0.00ns)   --->   "br label %_ZN8ap_fixedILi16ELi6EL9ap_q_mode5EL9ap_o_mode3ELi0EEC1ILi1ELb0EEERK11ap_int_baseIXT_EXT0_EE.exit.i.0.0729" [firmware/nnet_utils/nnet_conv2d.h:82->firmware/nnet_utils/nnet_conv2d.h:101]   --->   Operation 47 'br' <Predicate = (!icmp_ln68 & or_ln203 == 25)> <Delay = 0.00>
ST_2 : Operation 48 [1/1] (0.00ns)   --->   "call void @_ssdm_op_Write.ap_auto.i16P(i16* %res_13_V, i16 %shl_ln703_1)" [firmware/nnet_utils/nnet_conv2d.h:82->firmware/nnet_utils/nnet_conv2d.h:101]   --->   Operation 48 'write' <Predicate = (!icmp_ln68 & or_ln203 == 13)> <Delay = 0.00>
ST_2 : Operation 49 [1/1] (0.00ns)   --->   "br label %_ZN8ap_fixedILi16ELi6EL9ap_q_mode5EL9ap_o_mode3ELi0EEC1ILi1ELb0EEERK11ap_int_baseIXT_EXT0_EE.exit.i.0.0729" [firmware/nnet_utils/nnet_conv2d.h:82->firmware/nnet_utils/nnet_conv2d.h:101]   --->   Operation 49 'br' <Predicate = (!icmp_ln68 & or_ln203 == 13)> <Delay = 0.00>
ST_2 : Operation 50 [1/1] (0.00ns)   --->   "call void @_ssdm_op_Write.ap_auto.i16P(i16* %res_1_V, i16 %shl_ln703_1)" [firmware/nnet_utils/nnet_conv2d.h:82->firmware/nnet_utils/nnet_conv2d.h:101]   --->   Operation 50 'write' <Predicate = (!icmp_ln68 & or_ln203 == 1)> <Delay = 0.00>
ST_2 : Operation 51 [1/1] (0.00ns)   --->   "br label %_ZN8ap_fixedILi16ELi6EL9ap_q_mode5EL9ap_o_mode3ELi0EEC1ILi1ELb0EEERK11ap_int_baseIXT_EXT0_EE.exit.i.0.0729" [firmware/nnet_utils/nnet_conv2d.h:82->firmware/nnet_utils/nnet_conv2d.h:101]   --->   Operation 51 'br' <Predicate = (!icmp_ln68 & or_ln203 == 1)> <Delay = 0.00>
ST_2 : Operation 52 [1/1] (0.00ns)   --->   "call void @_ssdm_op_Write.ap_auto.i16P(i16* %res_49_V, i16 %shl_ln703_1)" [firmware/nnet_utils/nnet_conv2d.h:82->firmware/nnet_utils/nnet_conv2d.h:101]   --->   Operation 52 'write' <Predicate = (!icmp_ln68 & or_ln203 != 1 & or_ln203 != 13 & or_ln203 != 25 & or_ln203 != 37)> <Delay = 0.00>
ST_2 : Operation 53 [1/1] (0.00ns)   --->   "br label %_ZN8ap_fixedILi16ELi6EL9ap_q_mode5EL9ap_o_mode3ELi0EEC1ILi1ELb0EEERK11ap_int_baseIXT_EXT0_EE.exit.i.0.0729" [firmware/nnet_utils/nnet_conv2d.h:82->firmware/nnet_utils/nnet_conv2d.h:101]   --->   Operation 53 'br' <Predicate = (!icmp_ln68 & or_ln203 != 1 & or_ln203 != 13 & or_ln203 != 25 & or_ln203 != 37)> <Delay = 0.00>
ST_2 : Operation 54 [1/1] (0.00ns)   --->   "%or_ln1116 = or i6 %sub_ln1116, 1" [firmware/nnet_utils/nnet_conv2d.h:79->firmware/nnet_utils/nnet_conv2d.h:101]   --->   Operation 54 'or' 'or_ln1116' <Predicate = (!icmp_ln68)> <Delay = 0.00>
ST_2 : Operation 55 [1/1] (0.00ns)   --->   "%empty_4 = trunc i6 %or_ln1116 to i5" [firmware/nnet_utils/nnet_conv2d.h:79->firmware/nnet_utils/nnet_conv2d.h:101]   --->   Operation 55 'trunc' 'empty_4' <Predicate = (!icmp_ln68)> <Delay = 0.00>
ST_2 : Operation 56 [1/1] (0.00ns)   --->   "%p_shl3 = call i8 @_ssdm_op_BitConcatenate.i8.i6.i2(i6 %or_ln1116, i2 0)" [firmware/nnet_utils/nnet_conv2d.h:79->firmware/nnet_utils/nnet_conv2d.h:101]   --->   Operation 56 'bitconcatenate' 'p_shl3' <Predicate = (!icmp_ln68)> <Delay = 0.00>
ST_2 : Operation 57 [1/1] (0.00ns)   --->   "%tmp_2 = call i9 @_ssdm_op_BitConcatenate.i9.i5.i4(i5 %empty_4, i4 0)" [firmware/nnet_utils/nnet_conv2d.h:79->firmware/nnet_utils/nnet_conv2d.h:101]   --->   Operation 57 'bitconcatenate' 'tmp_2' <Predicate = (!icmp_ln68)> <Delay = 0.00>
ST_2 : Operation 58 [1/1] (0.00ns)   --->   "%empty_5 = zext i8 %p_shl3 to i9" [firmware/nnet_utils/nnet_conv2d.h:79->firmware/nnet_utils/nnet_conv2d.h:101]   --->   Operation 58 'zext' 'empty_5' <Predicate = (!icmp_ln68)> <Delay = 0.00>
ST_2 : Operation 59 [1/1] (0.51ns)   --->   "%sub_ln1116_2 = sub i9 %tmp_2, %empty_5" [firmware/nnet_utils/nnet_conv2d.h:79->firmware/nnet_utils/nnet_conv2d.h:101]   --->   Operation 59 'sub' 'sub_ln1116_2' <Predicate = (!icmp_ln68)> <Delay = 0.51> <Core = "AddSub">   --->   Core 14 'AddSub' <Latency = 0> <II = 1> <Delay = 0.51> <FuncUnit> <Opcode : 'add' 'sub'> <InPorts = 2> <OutPorts = 1>
ST_2 : Operation 60 [1/1] (0.00ns)   --->   "%zext_ln1116_2 = zext i9 %sub_ln1116_2 to i360" [firmware/nnet_utils/nnet_conv2d.h:79->firmware/nnet_utils/nnet_conv2d.h:101]   --->   Operation 60 'zext' 'zext_ln1116_2' <Predicate = (!icmp_ln68)> <Delay = 0.00>
ST_2 : Operation 61 [1/1] (1.29ns)   --->   "%lshr_ln1116_1 = lshr i360 %data_V_read, %zext_ln1116_2" [firmware/nnet_utils/nnet_conv2d.h:79->firmware/nnet_utils/nnet_conv2d.h:101]   --->   Operation 61 'lshr' 'lshr_ln1116_1' <Predicate = (!icmp_ln68)> <Delay = 1.29> <Core = "Shift">   --->   Core 28 'Shift' <Latency = 0> <II = 1> <Delay = 1.29> <FuncUnit> <Opcode : 'shl' 'lshr' 'ashr'> <InPorts = 2> <OutPorts = 1>
ST_2 : Operation 62 [1/1] (0.00ns)   --->   "%trunc_ln703_1 = trunc i360 %lshr_ln1116_1 to i7" [firmware/nnet_utils/nnet_conv2d.h:79->firmware/nnet_utils/nnet_conv2d.h:101]   --->   Operation 62 'trunc' 'trunc_ln703_1' <Predicate = (!icmp_ln68)> <Delay = 0.00>
ST_2 : Operation 63 [1/1] (0.00ns)   --->   "%shl_ln703_3 = call i16 @_ssdm_op_BitConcatenate.i16.i7.i9(i7 %trunc_ln703_1, i9 0)" [firmware/nnet_utils/nnet_conv2d.h:79->firmware/nnet_utils/nnet_conv2d.h:101]   --->   Operation 63 'bitconcatenate' 'shl_ln703_3' <Predicate = (!icmp_ln68)> <Delay = 0.00>
ST_2 : Operation 64 [1/1] (0.00ns)   --->   "%or_ln203_1 = or i6 %sub_ln203, 2" [firmware/nnet_utils/nnet_conv2d.h:82->firmware/nnet_utils/nnet_conv2d.h:101]   --->   Operation 64 'or' 'or_ln203_1' <Predicate = (!icmp_ln68)> <Delay = 0.00>
ST_2 : Operation 65 [1/1] (0.65ns)   --->   "switch i6 %or_ln203_1, label %branch590 [
    i6 2, label %branch542
    i6 14, label %branch554
    i6 26, label %branch566
    i6 -26, label %branch578
  ]" [firmware/nnet_utils/nnet_conv2d.h:82->firmware/nnet_utils/nnet_conv2d.h:101]   --->   Operation 65 'switch' <Predicate = (!icmp_ln68)> <Delay = 0.65>
ST_2 : Operation 66 [1/1] (0.00ns)   --->   "call void @_ssdm_op_Write.ap_auto.i16P(i16* %res_38_V, i16 %shl_ln703_3)" [firmware/nnet_utils/nnet_conv2d.h:82->firmware/nnet_utils/nnet_conv2d.h:101]   --->   Operation 66 'write' <Predicate = (!icmp_ln68 & or_ln203_1 == 38)> <Delay = 0.00>
ST_2 : Operation 67 [1/1] (0.00ns)   --->   "br label %_ZN8ap_fixedILi16ELi6EL9ap_q_mode5EL9ap_o_mode3ELi0EEC1ILi1ELb0EEERK11ap_int_baseIXT_EXT0_EE.exit.i.0.0668" [firmware/nnet_utils/nnet_conv2d.h:82->firmware/nnet_utils/nnet_conv2d.h:101]   --->   Operation 67 'br' <Predicate = (!icmp_ln68 & or_ln203_1 == 38)> <Delay = 0.00>
ST_2 : Operation 68 [1/1] (0.00ns)   --->   "call void @_ssdm_op_Write.ap_auto.i16P(i16* %res_26_V, i16 %shl_ln703_3)" [firmware/nnet_utils/nnet_conv2d.h:82->firmware/nnet_utils/nnet_conv2d.h:101]   --->   Operation 68 'write' <Predicate = (!icmp_ln68 & or_ln203_1 == 26)> <Delay = 0.00>
ST_2 : Operation 69 [1/1] (0.00ns)   --->   "br label %_ZN8ap_fixedILi16ELi6EL9ap_q_mode5EL9ap_o_mode3ELi0EEC1ILi1ELb0EEERK11ap_int_baseIXT_EXT0_EE.exit.i.0.0668" [firmware/nnet_utils/nnet_conv2d.h:82->firmware/nnet_utils/nnet_conv2d.h:101]   --->   Operation 69 'br' <Predicate = (!icmp_ln68 & or_ln203_1 == 26)> <Delay = 0.00>
ST_2 : Operation 70 [1/1] (0.00ns)   --->   "call void @_ssdm_op_Write.ap_auto.i16P(i16* %res_14_V, i16 %shl_ln703_3)" [firmware/nnet_utils/nnet_conv2d.h:82->firmware/nnet_utils/nnet_conv2d.h:101]   --->   Operation 70 'write' <Predicate = (!icmp_ln68 & or_ln203_1 == 14)> <Delay = 0.00>
ST_2 : Operation 71 [1/1] (0.00ns)   --->   "br label %_ZN8ap_fixedILi16ELi6EL9ap_q_mode5EL9ap_o_mode3ELi0EEC1ILi1ELb0EEERK11ap_int_baseIXT_EXT0_EE.exit.i.0.0668" [firmware/nnet_utils/nnet_conv2d.h:82->firmware/nnet_utils/nnet_conv2d.h:101]   --->   Operation 71 'br' <Predicate = (!icmp_ln68 & or_ln203_1 == 14)> <Delay = 0.00>
ST_2 : Operation 72 [1/1] (0.00ns)   --->   "call void @_ssdm_op_Write.ap_auto.i16P(i16* %res_2_V, i16 %shl_ln703_3)" [firmware/nnet_utils/nnet_conv2d.h:82->firmware/nnet_utils/nnet_conv2d.h:101]   --->   Operation 72 'write' <Predicate = (!icmp_ln68 & or_ln203_1 == 2)> <Delay = 0.00>
ST_2 : Operation 73 [1/1] (0.00ns)   --->   "br label %_ZN8ap_fixedILi16ELi6EL9ap_q_mode5EL9ap_o_mode3ELi0EEC1ILi1ELb0EEERK11ap_int_baseIXT_EXT0_EE.exit.i.0.0668" [firmware/nnet_utils/nnet_conv2d.h:82->firmware/nnet_utils/nnet_conv2d.h:101]   --->   Operation 73 'br' <Predicate = (!icmp_ln68 & or_ln203_1 == 2)> <Delay = 0.00>
ST_2 : Operation 74 [1/1] (0.00ns)   --->   "call void @_ssdm_op_Write.ap_auto.i16P(i16* %res_50_V, i16 %shl_ln703_3)" [firmware/nnet_utils/nnet_conv2d.h:82->firmware/nnet_utils/nnet_conv2d.h:101]   --->   Operation 74 'write' <Predicate = (!icmp_ln68 & or_ln203_1 != 2 & or_ln203_1 != 14 & or_ln203_1 != 26 & or_ln203_1 != 38)> <Delay = 0.00>
ST_2 : Operation 75 [1/1] (0.00ns)   --->   "br label %_ZN8ap_fixedILi16ELi6EL9ap_q_mode5EL9ap_o_mode3ELi0EEC1ILi1ELb0EEERK11ap_int_baseIXT_EXT0_EE.exit.i.0.0668" [firmware/nnet_utils/nnet_conv2d.h:82->firmware/nnet_utils/nnet_conv2d.h:101]   --->   Operation 75 'br' <Predicate = (!icmp_ln68 & or_ln203_1 != 2 & or_ln203_1 != 14 & or_ln203_1 != 26 & or_ln203_1 != 38)> <Delay = 0.00>
ST_2 : Operation 76 [1/1] (0.00ns)   --->   "%or_ln203_2 = or i6 %sub_ln203, 3" [firmware/nnet_utils/nnet_conv2d.h:82->firmware/nnet_utils/nnet_conv2d.h:101]   --->   Operation 76 'or' 'or_ln203_2' <Predicate = (!icmp_ln68)> <Delay = 0.00>
ST_2 : Operation 77 [1/1] (0.65ns)   --->   "switch i6 %or_ln203_2, label %branch531 [
    i6 3, label %branch483
    i6 15, label %branch495
    i6 27, label %branch507
    i6 -25, label %branch519
  ]" [firmware/nnet_utils/nnet_conv2d.h:82->firmware/nnet_utils/nnet_conv2d.h:101]   --->   Operation 77 'switch' <Predicate = (!icmp_ln68)> <Delay = 0.65>
ST_2 : Operation 78 [1/1] (0.00ns)   --->   "call void @_ssdm_op_Write.ap_auto.i16P(i16* %res_39_V, i16 %shl_ln703_3)" [firmware/nnet_utils/nnet_conv2d.h:82->firmware/nnet_utils/nnet_conv2d.h:101]   --->   Operation 78 'write' <Predicate = (!icmp_ln68 & or_ln203_2 == 39)> <Delay = 0.00>
ST_2 : Operation 79 [1/1] (0.00ns)   --->   "br label %_ZN8ap_fixedILi16ELi6EL9ap_q_mode5EL9ap_o_mode3ELi0EEC1ILi1ELb0EEERK11ap_int_baseIXT_EXT0_EE.exit.i.0.0607" [firmware/nnet_utils/nnet_conv2d.h:82->firmware/nnet_utils/nnet_conv2d.h:101]   --->   Operation 79 'br' <Predicate = (!icmp_ln68 & or_ln203_2 == 39)> <Delay = 0.00>
ST_2 : Operation 80 [1/1] (0.00ns)   --->   "call void @_ssdm_op_Write.ap_auto.i16P(i16* %res_27_V, i16 %shl_ln703_3)" [firmware/nnet_utils/nnet_conv2d.h:82->firmware/nnet_utils/nnet_conv2d.h:101]   --->   Operation 80 'write' <Predicate = (!icmp_ln68 & or_ln203_2 == 27)> <Delay = 0.00>
ST_2 : Operation 81 [1/1] (0.00ns)   --->   "br label %_ZN8ap_fixedILi16ELi6EL9ap_q_mode5EL9ap_o_mode3ELi0EEC1ILi1ELb0EEERK11ap_int_baseIXT_EXT0_EE.exit.i.0.0607" [firmware/nnet_utils/nnet_conv2d.h:82->firmware/nnet_utils/nnet_conv2d.h:101]   --->   Operation 81 'br' <Predicate = (!icmp_ln68 & or_ln203_2 == 27)> <Delay = 0.00>
ST_2 : Operation 82 [1/1] (0.00ns)   --->   "call void @_ssdm_op_Write.ap_auto.i16P(i16* %res_15_V, i16 %shl_ln703_3)" [firmware/nnet_utils/nnet_conv2d.h:82->firmware/nnet_utils/nnet_conv2d.h:101]   --->   Operation 82 'write' <Predicate = (!icmp_ln68 & or_ln203_2 == 15)> <Delay = 0.00>
ST_2 : Operation 83 [1/1] (0.00ns)   --->   "br label %_ZN8ap_fixedILi16ELi6EL9ap_q_mode5EL9ap_o_mode3ELi0EEC1ILi1ELb0EEERK11ap_int_baseIXT_EXT0_EE.exit.i.0.0607" [firmware/nnet_utils/nnet_conv2d.h:82->firmware/nnet_utils/nnet_conv2d.h:101]   --->   Operation 83 'br' <Predicate = (!icmp_ln68 & or_ln203_2 == 15)> <Delay = 0.00>
ST_2 : Operation 84 [1/1] (0.00ns)   --->   "call void @_ssdm_op_Write.ap_auto.i16P(i16* %res_3_V, i16 %shl_ln703_3)" [firmware/nnet_utils/nnet_conv2d.h:82->firmware/nnet_utils/nnet_conv2d.h:101]   --->   Operation 84 'write' <Predicate = (!icmp_ln68 & or_ln203_2 == 3)> <Delay = 0.00>
ST_2 : Operation 85 [1/1] (0.00ns)   --->   "br label %_ZN8ap_fixedILi16ELi6EL9ap_q_mode5EL9ap_o_mode3ELi0EEC1ILi1ELb0EEERK11ap_int_baseIXT_EXT0_EE.exit.i.0.0607" [firmware/nnet_utils/nnet_conv2d.h:82->firmware/nnet_utils/nnet_conv2d.h:101]   --->   Operation 85 'br' <Predicate = (!icmp_ln68 & or_ln203_2 == 3)> <Delay = 0.00>
ST_2 : Operation 86 [1/1] (0.00ns)   --->   "call void @_ssdm_op_Write.ap_auto.i16P(i16* %res_51_V, i16 %shl_ln703_3)" [firmware/nnet_utils/nnet_conv2d.h:82->firmware/nnet_utils/nnet_conv2d.h:101]   --->   Operation 86 'write' <Predicate = (!icmp_ln68 & or_ln203_2 != 3 & or_ln203_2 != 15 & or_ln203_2 != 27 & or_ln203_2 != 39)> <Delay = 0.00>
ST_2 : Operation 87 [1/1] (0.00ns)   --->   "br label %_ZN8ap_fixedILi16ELi6EL9ap_q_mode5EL9ap_o_mode3ELi0EEC1ILi1ELb0EEERK11ap_int_baseIXT_EXT0_EE.exit.i.0.0607" [firmware/nnet_utils/nnet_conv2d.h:82->firmware/nnet_utils/nnet_conv2d.h:101]   --->   Operation 87 'br' <Predicate = (!icmp_ln68 & or_ln203_2 != 3 & or_ln203_2 != 15 & or_ln203_2 != 27 & or_ln203_2 != 39)> <Delay = 0.00>
ST_2 : Operation 88 [1/1] (0.43ns)   --->   "%add_ln1116 = add i6 %sub_ln1116, 2" [firmware/nnet_utils/nnet_conv2d.h:79->firmware/nnet_utils/nnet_conv2d.h:101]   --->   Operation 88 'add' 'add_ln1116' <Predicate = (!icmp_ln68)> <Delay = 0.43> <Core = "AddSub">   --->   Core 14 'AddSub' <Latency = 0> <II = 1> <Delay = 0.51> <FuncUnit> <Opcode : 'add' 'sub'> <InPorts = 2> <OutPorts = 1>
ST_2 : Operation 89 [1/1] (0.00ns)   --->   "%empty_6 = trunc i6 %add_ln1116 to i5" [firmware/nnet_utils/nnet_conv2d.h:79->firmware/nnet_utils/nnet_conv2d.h:101]   --->   Operation 89 'trunc' 'empty_6' <Predicate = (!icmp_ln68)> <Delay = 0.00>
ST_2 : Operation 90 [1/1] (0.00ns)   --->   "%p_shl5 = call i8 @_ssdm_op_BitConcatenate.i8.i6.i2(i6 %add_ln1116, i2 0)" [firmware/nnet_utils/nnet_conv2d.h:79->firmware/nnet_utils/nnet_conv2d.h:101]   --->   Operation 90 'bitconcatenate' 'p_shl5' <Predicate = (!icmp_ln68)> <Delay = 0.00>
ST_2 : Operation 91 [1/1] (0.00ns)   --->   "%tmp_3 = call i9 @_ssdm_op_BitConcatenate.i9.i5.i4(i5 %empty_6, i4 0)" [firmware/nnet_utils/nnet_conv2d.h:79->firmware/nnet_utils/nnet_conv2d.h:101]   --->   Operation 91 'bitconcatenate' 'tmp_3' <Predicate = (!icmp_ln68)> <Delay = 0.00>
ST_2 : Operation 92 [1/1] (0.00ns)   --->   "%empty_7 = zext i8 %p_shl5 to i9" [firmware/nnet_utils/nnet_conv2d.h:79->firmware/nnet_utils/nnet_conv2d.h:101]   --->   Operation 92 'zext' 'empty_7' <Predicate = (!icmp_ln68)> <Delay = 0.00>
ST_2 : Operation 93 [1/1] (0.51ns)   --->   "%sub_ln1116_3 = sub i9 %tmp_3, %empty_7" [firmware/nnet_utils/nnet_conv2d.h:79->firmware/nnet_utils/nnet_conv2d.h:101]   --->   Operation 93 'sub' 'sub_ln1116_3' <Predicate = (!icmp_ln68)> <Delay = 0.51> <Core = "AddSub">   --->   Core 14 'AddSub' <Latency = 0> <II = 1> <Delay = 0.51> <FuncUnit> <Opcode : 'add' 'sub'> <InPorts = 2> <OutPorts = 1>
ST_2 : Operation 94 [1/1] (0.00ns)   --->   "%zext_ln1116_3 = zext i9 %sub_ln1116_3 to i360" [firmware/nnet_utils/nnet_conv2d.h:79->firmware/nnet_utils/nnet_conv2d.h:101]   --->   Operation 94 'zext' 'zext_ln1116_3' <Predicate = (!icmp_ln68)> <Delay = 0.00>
ST_2 : Operation 95 [1/1] (1.29ns)   --->   "%lshr_ln1116_2 = lshr i360 %data_V_read, %zext_ln1116_3" [firmware/nnet_utils/nnet_conv2d.h:79->firmware/nnet_utils/nnet_conv2d.h:101]   --->   Operation 95 'lshr' 'lshr_ln1116_2' <Predicate = (!icmp_ln68)> <Delay = 1.29> <Core = "Shift">   --->   Core 28 'Shift' <Latency = 0> <II = 1> <Delay = 1.29> <FuncUnit> <Opcode : 'shl' 'lshr' 'ashr'> <InPorts = 2> <OutPorts = 1>
ST_2 : Operation 96 [1/1] (0.00ns)   --->   "%trunc_ln703_2 = trunc i360 %lshr_ln1116_2 to i7" [firmware/nnet_utils/nnet_conv2d.h:79->firmware/nnet_utils/nnet_conv2d.h:101]   --->   Operation 96 'trunc' 'trunc_ln703_2' <Predicate = (!icmp_ln68)> <Delay = 0.00>
ST_2 : Operation 97 [1/1] (0.00ns)   --->   "%shl_ln703_5 = call i16 @_ssdm_op_BitConcatenate.i16.i7.i9(i7 %trunc_ln703_2, i9 0)" [firmware/nnet_utils/nnet_conv2d.h:79->firmware/nnet_utils/nnet_conv2d.h:101]   --->   Operation 97 'bitconcatenate' 'shl_ln703_5' <Predicate = (!icmp_ln68)> <Delay = 0.00>
ST_2 : Operation 98 [1/1] (0.43ns)   --->   "%add_ln1116_1 = add i6 %sub_ln1116, 3" [firmware/nnet_utils/nnet_conv2d.h:79->firmware/nnet_utils/nnet_conv2d.h:101]   --->   Operation 98 'add' 'add_ln1116_1' <Predicate = (!icmp_ln68)> <Delay = 0.43> <Core = "AddSub">   --->   Core 14 'AddSub' <Latency = 0> <II = 1> <Delay = 0.51> <FuncUnit> <Opcode : 'add' 'sub'> <InPorts = 2> <OutPorts = 1>
ST_2 : Operation 99 [1/1] (0.00ns)   --->   "%empty_8 = trunc i6 %add_ln1116_1 to i5" [firmware/nnet_utils/nnet_conv2d.h:79->firmware/nnet_utils/nnet_conv2d.h:101]   --->   Operation 99 'trunc' 'empty_8' <Predicate = (!icmp_ln68)> <Delay = 0.00>
ST_2 : Operation 100 [1/1] (0.00ns)   --->   "%p_shl7 = call i8 @_ssdm_op_BitConcatenate.i8.i6.i2(i6 %add_ln1116_1, i2 0)" [firmware/nnet_utils/nnet_conv2d.h:79->firmware/nnet_utils/nnet_conv2d.h:101]   --->   Operation 100 'bitconcatenate' 'p_shl7' <Predicate = (!icmp_ln68)> <Delay = 0.00>
ST_2 : Operation 101 [1/1] (0.00ns)   --->   "%tmp_4 = call i9 @_ssdm_op_BitConcatenate.i9.i5.i4(i5 %empty_8, i4 0)" [firmware/nnet_utils/nnet_conv2d.h:79->firmware/nnet_utils/nnet_conv2d.h:101]   --->   Operation 101 'bitconcatenate' 'tmp_4' <Predicate = (!icmp_ln68)> <Delay = 0.00>
ST_2 : Operation 102 [1/1] (0.00ns)   --->   "%empty_9 = zext i8 %p_shl7 to i9" [firmware/nnet_utils/nnet_conv2d.h:79->firmware/nnet_utils/nnet_conv2d.h:101]   --->   Operation 102 'zext' 'empty_9' <Predicate = (!icmp_ln68)> <Delay = 0.00>
ST_2 : Operation 103 [1/1] (0.51ns)   --->   "%sub_ln1116_4 = sub i9 %tmp_4, %empty_9" [firmware/nnet_utils/nnet_conv2d.h:79->firmware/nnet_utils/nnet_conv2d.h:101]   --->   Operation 103 'sub' 'sub_ln1116_4' <Predicate = (!icmp_ln68)> <Delay = 0.51> <Core = "AddSub">   --->   Core 14 'AddSub' <Latency = 0> <II = 1> <Delay = 0.51> <FuncUnit> <Opcode : 'add' 'sub'> <InPorts = 2> <OutPorts = 1>
ST_2 : Operation 104 [1/1] (0.00ns)   --->   "%zext_ln1116_4 = zext i9 %sub_ln1116_4 to i360" [firmware/nnet_utils/nnet_conv2d.h:79->firmware/nnet_utils/nnet_conv2d.h:101]   --->   Operation 104 'zext' 'zext_ln1116_4' <Predicate = (!icmp_ln68)> <Delay = 0.00>
ST_2 : Operation 105 [1/1] (1.29ns)   --->   "%lshr_ln1116_3 = lshr i360 %data_V_read, %zext_ln1116_4" [firmware/nnet_utils/nnet_conv2d.h:79->firmware/nnet_utils/nnet_conv2d.h:101]   --->   Operation 105 'lshr' 'lshr_ln1116_3' <Predicate = (!icmp_ln68)> <Delay = 1.29> <Core = "Shift">   --->   Core 28 'Shift' <Latency = 0> <II = 1> <Delay = 1.29> <FuncUnit> <Opcode : 'shl' 'lshr' 'ashr'> <InPorts = 2> <OutPorts = 1>
ST_2 : Operation 106 [1/1] (0.00ns)   --->   "%trunc_ln703_3 = trunc i360 %lshr_ln1116_3 to i7" [firmware/nnet_utils/nnet_conv2d.h:79->firmware/nnet_utils/nnet_conv2d.h:101]   --->   Operation 106 'trunc' 'trunc_ln703_3' <Predicate = (!icmp_ln68)> <Delay = 0.00>
ST_2 : Operation 107 [1/1] (0.00ns)   --->   "%shl_ln703_7 = call i16 @_ssdm_op_BitConcatenate.i16.i7.i9(i7 %trunc_ln703_3, i9 0)" [firmware/nnet_utils/nnet_conv2d.h:79->firmware/nnet_utils/nnet_conv2d.h:101]   --->   Operation 107 'bitconcatenate' 'shl_ln703_7' <Predicate = (!icmp_ln68)> <Delay = 0.00>
ST_2 : Operation 108 [1/1] (0.43ns)   --->   "%add_ln1116_2 = add i6 %sub_ln1116, 4" [firmware/nnet_utils/nnet_conv2d.h:79->firmware/nnet_utils/nnet_conv2d.h:101]   --->   Operation 108 'add' 'add_ln1116_2' <Predicate = (!icmp_ln68)> <Delay = 0.43> <Core = "AddSub">   --->   Core 14 'AddSub' <Latency = 0> <II = 1> <Delay = 0.51> <FuncUnit> <Opcode : 'add' 'sub'> <InPorts = 2> <OutPorts = 1>
ST_2 : Operation 109 [1/1] (0.00ns)   --->   "%empty_10 = trunc i6 %add_ln1116_2 to i5" [firmware/nnet_utils/nnet_conv2d.h:79->firmware/nnet_utils/nnet_conv2d.h:101]   --->   Operation 109 'trunc' 'empty_10' <Predicate = (!icmp_ln68)> <Delay = 0.00>
ST_2 : Operation 110 [1/1] (0.00ns)   --->   "%p_shl9 = call i8 @_ssdm_op_BitConcatenate.i8.i6.i2(i6 %add_ln1116_2, i2 0)" [firmware/nnet_utils/nnet_conv2d.h:79->firmware/nnet_utils/nnet_conv2d.h:101]   --->   Operation 110 'bitconcatenate' 'p_shl9' <Predicate = (!icmp_ln68)> <Delay = 0.00>
ST_2 : Operation 111 [1/1] (0.00ns)   --->   "%tmp_5 = call i9 @_ssdm_op_BitConcatenate.i9.i5.i4(i5 %empty_10, i4 0)" [firmware/nnet_utils/nnet_conv2d.h:79->firmware/nnet_utils/nnet_conv2d.h:101]   --->   Operation 111 'bitconcatenate' 'tmp_5' <Predicate = (!icmp_ln68)> <Delay = 0.00>
ST_2 : Operation 112 [1/1] (0.00ns)   --->   "%empty_11 = zext i8 %p_shl9 to i9" [firmware/nnet_utils/nnet_conv2d.h:79->firmware/nnet_utils/nnet_conv2d.h:101]   --->   Operation 112 'zext' 'empty_11' <Predicate = (!icmp_ln68)> <Delay = 0.00>
ST_2 : Operation 113 [1/1] (0.51ns)   --->   "%sub_ln1116_5 = sub i9 %tmp_5, %empty_11" [firmware/nnet_utils/nnet_conv2d.h:79->firmware/nnet_utils/nnet_conv2d.h:101]   --->   Operation 113 'sub' 'sub_ln1116_5' <Predicate = (!icmp_ln68)> <Delay = 0.51> <Core = "AddSub">   --->   Core 14 'AddSub' <Latency = 0> <II = 1> <Delay = 0.51> <FuncUnit> <Opcode : 'add' 'sub'> <InPorts = 2> <OutPorts = 1>
ST_2 : Operation 114 [1/1] (0.00ns)   --->   "%zext_ln1116_5 = zext i9 %sub_ln1116_5 to i360" [firmware/nnet_utils/nnet_conv2d.h:79->firmware/nnet_utils/nnet_conv2d.h:101]   --->   Operation 114 'zext' 'zext_ln1116_5' <Predicate = (!icmp_ln68)> <Delay = 0.00>
ST_2 : Operation 115 [1/1] (1.29ns)   --->   "%lshr_ln1116_4 = lshr i360 %data_V_read, %zext_ln1116_5" [firmware/nnet_utils/nnet_conv2d.h:79->firmware/nnet_utils/nnet_conv2d.h:101]   --->   Operation 115 'lshr' 'lshr_ln1116_4' <Predicate = (!icmp_ln68)> <Delay = 1.29> <Core = "Shift">   --->   Core 28 'Shift' <Latency = 0> <II = 1> <Delay = 1.29> <FuncUnit> <Opcode : 'shl' 'lshr' 'ashr'> <InPorts = 2> <OutPorts = 1>
ST_2 : Operation 116 [1/1] (0.00ns)   --->   "%trunc_ln703_4 = trunc i360 %lshr_ln1116_4 to i7" [firmware/nnet_utils/nnet_conv2d.h:79->firmware/nnet_utils/nnet_conv2d.h:101]   --->   Operation 116 'trunc' 'trunc_ln703_4' <Predicate = (!icmp_ln68)> <Delay = 0.00>
ST_2 : Operation 117 [1/1] (0.00ns)   --->   "%shl_ln703_9 = call i16 @_ssdm_op_BitConcatenate.i16.i7.i9(i7 %trunc_ln703_4, i9 0)" [firmware/nnet_utils/nnet_conv2d.h:79->firmware/nnet_utils/nnet_conv2d.h:101]   --->   Operation 117 'bitconcatenate' 'shl_ln703_9' <Predicate = (!icmp_ln68)> <Delay = 0.00>
ST_2 : Operation 118 [1/1] (0.43ns)   --->   "%add_ln1116_3 = add i6 %sub_ln1116, 5" [firmware/nnet_utils/nnet_conv2d.h:79->firmware/nnet_utils/nnet_conv2d.h:101]   --->   Operation 118 'add' 'add_ln1116_3' <Predicate = (!icmp_ln68)> <Delay = 0.43> <Core = "AddSub">   --->   Core 14 'AddSub' <Latency = 0> <II = 1> <Delay = 0.51> <FuncUnit> <Opcode : 'add' 'sub'> <InPorts = 2> <OutPorts = 1>
ST_2 : Operation 119 [1/1] (0.00ns)   --->   "%empty_12 = trunc i6 %add_ln1116_3 to i5" [firmware/nnet_utils/nnet_conv2d.h:79->firmware/nnet_utils/nnet_conv2d.h:101]   --->   Operation 119 'trunc' 'empty_12' <Predicate = (!icmp_ln68)> <Delay = 0.00>
ST_2 : Operation 120 [1/1] (0.00ns)   --->   "%p_shl = call i8 @_ssdm_op_BitConcatenate.i8.i6.i2(i6 %add_ln1116_3, i2 0)" [firmware/nnet_utils/nnet_conv2d.h:79->firmware/nnet_utils/nnet_conv2d.h:101]   --->   Operation 120 'bitconcatenate' 'p_shl' <Predicate = (!icmp_ln68)> <Delay = 0.00>
ST_2 : Operation 121 [1/1] (0.00ns)   --->   "%tmp_6 = call i9 @_ssdm_op_BitConcatenate.i9.i5.i4(i5 %empty_12, i4 0)" [firmware/nnet_utils/nnet_conv2d.h:79->firmware/nnet_utils/nnet_conv2d.h:101]   --->   Operation 121 'bitconcatenate' 'tmp_6' <Predicate = (!icmp_ln68)> <Delay = 0.00>
ST_2 : Operation 122 [1/1] (0.00ns)   --->   "%empty_13 = zext i8 %p_shl to i9" [firmware/nnet_utils/nnet_conv2d.h:79->firmware/nnet_utils/nnet_conv2d.h:101]   --->   Operation 122 'zext' 'empty_13' <Predicate = (!icmp_ln68)> <Delay = 0.00>
ST_2 : Operation 123 [1/1] (0.51ns)   --->   "%sub_ln1116_6 = sub i9 %tmp_6, %empty_13" [firmware/nnet_utils/nnet_conv2d.h:79->firmware/nnet_utils/nnet_conv2d.h:101]   --->   Operation 123 'sub' 'sub_ln1116_6' <Predicate = (!icmp_ln68)> <Delay = 0.51> <Core = "AddSub">   --->   Core 14 'AddSub' <Latency = 0> <II = 1> <Delay = 0.51> <FuncUnit> <Opcode : 'add' 'sub'> <InPorts = 2> <OutPorts = 1>
ST_2 : Operation 124 [1/1] (0.00ns)   --->   "%zext_ln1116_6 = zext i9 %sub_ln1116_6 to i360" [firmware/nnet_utils/nnet_conv2d.h:79->firmware/nnet_utils/nnet_conv2d.h:101]   --->   Operation 124 'zext' 'zext_ln1116_6' <Predicate = (!icmp_ln68)> <Delay = 0.00>
ST_2 : Operation 125 [1/1] (1.29ns)   --->   "%lshr_ln1116_5 = lshr i360 %data_V_read, %zext_ln1116_6" [firmware/nnet_utils/nnet_conv2d.h:79->firmware/nnet_utils/nnet_conv2d.h:101]   --->   Operation 125 'lshr' 'lshr_ln1116_5' <Predicate = (!icmp_ln68)> <Delay = 1.29> <Core = "Shift">   --->   Core 28 'Shift' <Latency = 0> <II = 1> <Delay = 1.29> <FuncUnit> <Opcode : 'shl' 'lshr' 'ashr'> <InPorts = 2> <OutPorts = 1>
ST_2 : Operation 126 [1/1] (0.00ns)   --->   "%trunc_ln703_5 = trunc i360 %lshr_ln1116_5 to i7" [firmware/nnet_utils/nnet_conv2d.h:79->firmware/nnet_utils/nnet_conv2d.h:101]   --->   Operation 126 'trunc' 'trunc_ln703_5' <Predicate = (!icmp_ln68)> <Delay = 0.00>
ST_2 : Operation 127 [1/1] (0.00ns)   --->   "%shl_ln703_s = call i16 @_ssdm_op_BitConcatenate.i16.i7.i9(i7 %trunc_ln703_5, i9 0)" [firmware/nnet_utils/nnet_conv2d.h:79->firmware/nnet_utils/nnet_conv2d.h:101]   --->   Operation 127 'bitconcatenate' 'shl_ln703_s' <Predicate = (!icmp_ln68)> <Delay = 0.00>
ST_2 : Operation 128 [1/1] (0.65ns)   --->   "switch i6 %sub_ln203, label %branch472 [
    i6 0, label %branch424
    i6 12, label %branch436
    i6 24, label %branch448
    i6 -28, label %branch460
  ]" [firmware/nnet_utils/nnet_conv2d.h:82->firmware/nnet_utils/nnet_conv2d.h:101]   --->   Operation 128 'switch' <Predicate = (!icmp_ln68)> <Delay = 0.65>
ST_2 : Operation 129 [1/1] (0.00ns)   --->   "call void @_ssdm_op_Write.ap_auto.i16P(i16* %res_40_V, i16 %shl_ln703_5)" [firmware/nnet_utils/nnet_conv2d.h:82->firmware/nnet_utils/nnet_conv2d.h:101]   --->   Operation 129 'write' <Predicate = (!icmp_ln68 & sub_ln203 == 36)> <Delay = 0.00>
ST_2 : Operation 130 [1/1] (0.00ns)   --->   "call void @_ssdm_op_Write.ap_auto.i16P(i16* %res_41_V, i16 %shl_ln703_5)" [firmware/nnet_utils/nnet_conv2d.h:82->firmware/nnet_utils/nnet_conv2d.h:101]   --->   Operation 130 'write' <Predicate = (!icmp_ln68 & sub_ln203 == 36)> <Delay = 0.00>
ST_2 : Operation 131 [1/1] (0.00ns)   --->   "call void @_ssdm_op_Write.ap_auto.i16P(i16* %res_42_V, i16 %shl_ln703_7)" [firmware/nnet_utils/nnet_conv2d.h:82->firmware/nnet_utils/nnet_conv2d.h:101]   --->   Operation 131 'write' <Predicate = (!icmp_ln68 & sub_ln203 == 36)> <Delay = 0.00>
ST_2 : Operation 132 [1/1] (0.00ns)   --->   "call void @_ssdm_op_Write.ap_auto.i16P(i16* %res_43_V, i16 %shl_ln703_7)" [firmware/nnet_utils/nnet_conv2d.h:82->firmware/nnet_utils/nnet_conv2d.h:101]   --->   Operation 132 'write' <Predicate = (!icmp_ln68 & sub_ln203 == 36)> <Delay = 0.00>
ST_2 : Operation 133 [1/1] (0.00ns)   --->   "call void @_ssdm_op_Write.ap_auto.i16P(i16* %res_44_V, i16 %shl_ln703_9)" [firmware/nnet_utils/nnet_conv2d.h:82->firmware/nnet_utils/nnet_conv2d.h:101]   --->   Operation 133 'write' <Predicate = (!icmp_ln68 & sub_ln203 == 36)> <Delay = 0.00>
ST_2 : Operation 134 [1/1] (0.00ns)   --->   "call void @_ssdm_op_Write.ap_auto.i16P(i16* %res_45_V, i16 %shl_ln703_9)" [firmware/nnet_utils/nnet_conv2d.h:82->firmware/nnet_utils/nnet_conv2d.h:101]   --->   Operation 134 'write' <Predicate = (!icmp_ln68 & sub_ln203 == 36)> <Delay = 0.00>
ST_2 : Operation 135 [1/1] (0.00ns)   --->   "call void @_ssdm_op_Write.ap_auto.i16P(i16* %res_46_V, i16 %shl_ln703_s)" [firmware/nnet_utils/nnet_conv2d.h:82->firmware/nnet_utils/nnet_conv2d.h:101]   --->   Operation 135 'write' <Predicate = (!icmp_ln68 & sub_ln203 == 36)> <Delay = 0.00>
ST_2 : Operation 136 [1/1] (0.00ns)   --->   "call void @_ssdm_op_Write.ap_auto.i16P(i16* %res_47_V, i16 %shl_ln703_s)" [firmware/nnet_utils/nnet_conv2d.h:82->firmware/nnet_utils/nnet_conv2d.h:101]   --->   Operation 136 'write' <Predicate = (!icmp_ln68 & sub_ln203 == 36)> <Delay = 0.00>
ST_2 : Operation 137 [1/1] (0.00ns)   --->   "br label %hls_label_0_end"   --->   Operation 137 'br' <Predicate = (!icmp_ln68 & sub_ln203 == 36)> <Delay = 0.00>
ST_2 : Operation 138 [1/1] (0.00ns)   --->   "call void @_ssdm_op_Write.ap_auto.i16P(i16* %res_28_V, i16 %shl_ln703_5)" [firmware/nnet_utils/nnet_conv2d.h:82->firmware/nnet_utils/nnet_conv2d.h:101]   --->   Operation 138 'write' <Predicate = (!icmp_ln68 & sub_ln203 == 24)> <Delay = 0.00>
ST_2 : Operation 139 [1/1] (0.00ns)   --->   "call void @_ssdm_op_Write.ap_auto.i16P(i16* %res_29_V, i16 %shl_ln703_5)" [firmware/nnet_utils/nnet_conv2d.h:82->firmware/nnet_utils/nnet_conv2d.h:101]   --->   Operation 139 'write' <Predicate = (!icmp_ln68 & sub_ln203 == 24)> <Delay = 0.00>
ST_2 : Operation 140 [1/1] (0.00ns)   --->   "call void @_ssdm_op_Write.ap_auto.i16P(i16* %res_30_V, i16 %shl_ln703_7)" [firmware/nnet_utils/nnet_conv2d.h:82->firmware/nnet_utils/nnet_conv2d.h:101]   --->   Operation 140 'write' <Predicate = (!icmp_ln68 & sub_ln203 == 24)> <Delay = 0.00>
ST_2 : Operation 141 [1/1] (0.00ns)   --->   "call void @_ssdm_op_Write.ap_auto.i16P(i16* %res_31_V, i16 %shl_ln703_7)" [firmware/nnet_utils/nnet_conv2d.h:82->firmware/nnet_utils/nnet_conv2d.h:101]   --->   Operation 141 'write' <Predicate = (!icmp_ln68 & sub_ln203 == 24)> <Delay = 0.00>
ST_2 : Operation 142 [1/1] (0.00ns)   --->   "call void @_ssdm_op_Write.ap_auto.i16P(i16* %res_32_V, i16 %shl_ln703_9)" [firmware/nnet_utils/nnet_conv2d.h:82->firmware/nnet_utils/nnet_conv2d.h:101]   --->   Operation 142 'write' <Predicate = (!icmp_ln68 & sub_ln203 == 24)> <Delay = 0.00>
ST_2 : Operation 143 [1/1] (0.00ns)   --->   "call void @_ssdm_op_Write.ap_auto.i16P(i16* %res_33_V, i16 %shl_ln703_9)" [firmware/nnet_utils/nnet_conv2d.h:82->firmware/nnet_utils/nnet_conv2d.h:101]   --->   Operation 143 'write' <Predicate = (!icmp_ln68 & sub_ln203 == 24)> <Delay = 0.00>
ST_2 : Operation 144 [1/1] (0.00ns)   --->   "call void @_ssdm_op_Write.ap_auto.i16P(i16* %res_34_V, i16 %shl_ln703_s)" [firmware/nnet_utils/nnet_conv2d.h:82->firmware/nnet_utils/nnet_conv2d.h:101]   --->   Operation 144 'write' <Predicate = (!icmp_ln68 & sub_ln203 == 24)> <Delay = 0.00>
ST_2 : Operation 145 [1/1] (0.00ns)   --->   "call void @_ssdm_op_Write.ap_auto.i16P(i16* %res_35_V, i16 %shl_ln703_s)" [firmware/nnet_utils/nnet_conv2d.h:82->firmware/nnet_utils/nnet_conv2d.h:101]   --->   Operation 145 'write' <Predicate = (!icmp_ln68 & sub_ln203 == 24)> <Delay = 0.00>
ST_2 : Operation 146 [1/1] (0.00ns)   --->   "br label %hls_label_0_end"   --->   Operation 146 'br' <Predicate = (!icmp_ln68 & sub_ln203 == 24)> <Delay = 0.00>
ST_2 : Operation 147 [1/1] (0.00ns)   --->   "call void @_ssdm_op_Write.ap_auto.i16P(i16* %res_16_V, i16 %shl_ln703_5)" [firmware/nnet_utils/nnet_conv2d.h:82->firmware/nnet_utils/nnet_conv2d.h:101]   --->   Operation 147 'write' <Predicate = (!icmp_ln68 & sub_ln203 == 12)> <Delay = 0.00>
ST_2 : Operation 148 [1/1] (0.00ns)   --->   "call void @_ssdm_op_Write.ap_auto.i16P(i16* %res_17_V, i16 %shl_ln703_5)" [firmware/nnet_utils/nnet_conv2d.h:82->firmware/nnet_utils/nnet_conv2d.h:101]   --->   Operation 148 'write' <Predicate = (!icmp_ln68 & sub_ln203 == 12)> <Delay = 0.00>
ST_2 : Operation 149 [1/1] (0.00ns)   --->   "call void @_ssdm_op_Write.ap_auto.i16P(i16* %res_18_V, i16 %shl_ln703_7)" [firmware/nnet_utils/nnet_conv2d.h:82->firmware/nnet_utils/nnet_conv2d.h:101]   --->   Operation 149 'write' <Predicate = (!icmp_ln68 & sub_ln203 == 12)> <Delay = 0.00>
ST_2 : Operation 150 [1/1] (0.00ns)   --->   "call void @_ssdm_op_Write.ap_auto.i16P(i16* %res_19_V, i16 %shl_ln703_7)" [firmware/nnet_utils/nnet_conv2d.h:82->firmware/nnet_utils/nnet_conv2d.h:101]   --->   Operation 150 'write' <Predicate = (!icmp_ln68 & sub_ln203 == 12)> <Delay = 0.00>
ST_2 : Operation 151 [1/1] (0.00ns)   --->   "call void @_ssdm_op_Write.ap_auto.i16P(i16* %res_20_V, i16 %shl_ln703_9)" [firmware/nnet_utils/nnet_conv2d.h:82->firmware/nnet_utils/nnet_conv2d.h:101]   --->   Operation 151 'write' <Predicate = (!icmp_ln68 & sub_ln203 == 12)> <Delay = 0.00>
ST_2 : Operation 152 [1/1] (0.00ns)   --->   "call void @_ssdm_op_Write.ap_auto.i16P(i16* %res_21_V, i16 %shl_ln703_9)" [firmware/nnet_utils/nnet_conv2d.h:82->firmware/nnet_utils/nnet_conv2d.h:101]   --->   Operation 152 'write' <Predicate = (!icmp_ln68 & sub_ln203 == 12)> <Delay = 0.00>
ST_2 : Operation 153 [1/1] (0.00ns)   --->   "call void @_ssdm_op_Write.ap_auto.i16P(i16* %res_22_V, i16 %shl_ln703_s)" [firmware/nnet_utils/nnet_conv2d.h:82->firmware/nnet_utils/nnet_conv2d.h:101]   --->   Operation 153 'write' <Predicate = (!icmp_ln68 & sub_ln203 == 12)> <Delay = 0.00>
ST_2 : Operation 154 [1/1] (0.00ns)   --->   "call void @_ssdm_op_Write.ap_auto.i16P(i16* %res_23_V, i16 %shl_ln703_s)" [firmware/nnet_utils/nnet_conv2d.h:82->firmware/nnet_utils/nnet_conv2d.h:101]   --->   Operation 154 'write' <Predicate = (!icmp_ln68 & sub_ln203 == 12)> <Delay = 0.00>
ST_2 : Operation 155 [1/1] (0.00ns)   --->   "br label %hls_label_0_end"   --->   Operation 155 'br' <Predicate = (!icmp_ln68 & sub_ln203 == 12)> <Delay = 0.00>
ST_2 : Operation 156 [1/1] (0.00ns)   --->   "call void @_ssdm_op_Write.ap_auto.i16P(i16* %res_4_V, i16 %shl_ln703_5)" [firmware/nnet_utils/nnet_conv2d.h:82->firmware/nnet_utils/nnet_conv2d.h:101]   --->   Operation 156 'write' <Predicate = (!icmp_ln68 & sub_ln203 == 0)> <Delay = 0.00>
ST_2 : Operation 157 [1/1] (0.00ns)   --->   "call void @_ssdm_op_Write.ap_auto.i16P(i16* %res_5_V, i16 %shl_ln703_5)" [firmware/nnet_utils/nnet_conv2d.h:82->firmware/nnet_utils/nnet_conv2d.h:101]   --->   Operation 157 'write' <Predicate = (!icmp_ln68 & sub_ln203 == 0)> <Delay = 0.00>
ST_2 : Operation 158 [1/1] (0.00ns)   --->   "call void @_ssdm_op_Write.ap_auto.i16P(i16* %res_6_V, i16 %shl_ln703_7)" [firmware/nnet_utils/nnet_conv2d.h:82->firmware/nnet_utils/nnet_conv2d.h:101]   --->   Operation 158 'write' <Predicate = (!icmp_ln68 & sub_ln203 == 0)> <Delay = 0.00>
ST_2 : Operation 159 [1/1] (0.00ns)   --->   "call void @_ssdm_op_Write.ap_auto.i16P(i16* %res_7_V, i16 %shl_ln703_7)" [firmware/nnet_utils/nnet_conv2d.h:82->firmware/nnet_utils/nnet_conv2d.h:101]   --->   Operation 159 'write' <Predicate = (!icmp_ln68 & sub_ln203 == 0)> <Delay = 0.00>
ST_2 : Operation 160 [1/1] (0.00ns)   --->   "call void @_ssdm_op_Write.ap_auto.i16P(i16* %res_8_V, i16 %shl_ln703_9)" [firmware/nnet_utils/nnet_conv2d.h:82->firmware/nnet_utils/nnet_conv2d.h:101]   --->   Operation 160 'write' <Predicate = (!icmp_ln68 & sub_ln203 == 0)> <Delay = 0.00>
ST_2 : Operation 161 [1/1] (0.00ns)   --->   "call void @_ssdm_op_Write.ap_auto.i16P(i16* %res_9_V, i16 %shl_ln703_9)" [firmware/nnet_utils/nnet_conv2d.h:82->firmware/nnet_utils/nnet_conv2d.h:101]   --->   Operation 161 'write' <Predicate = (!icmp_ln68 & sub_ln203 == 0)> <Delay = 0.00>
ST_2 : Operation 162 [1/1] (0.00ns)   --->   "call void @_ssdm_op_Write.ap_auto.i16P(i16* %res_10_V, i16 %shl_ln703_s)" [firmware/nnet_utils/nnet_conv2d.h:82->firmware/nnet_utils/nnet_conv2d.h:101]   --->   Operation 162 'write' <Predicate = (!icmp_ln68 & sub_ln203 == 0)> <Delay = 0.00>
ST_2 : Operation 163 [1/1] (0.00ns)   --->   "call void @_ssdm_op_Write.ap_auto.i16P(i16* %res_11_V, i16 %shl_ln703_s)" [firmware/nnet_utils/nnet_conv2d.h:82->firmware/nnet_utils/nnet_conv2d.h:101]   --->   Operation 163 'write' <Predicate = (!icmp_ln68 & sub_ln203 == 0)> <Delay = 0.00>
ST_2 : Operation 164 [1/1] (0.00ns)   --->   "br label %hls_label_0_end"   --->   Operation 164 'br' <Predicate = (!icmp_ln68 & sub_ln203 == 0)> <Delay = 0.00>
ST_2 : Operation 165 [1/1] (0.00ns)   --->   "call void @_ssdm_op_Write.ap_auto.i16P(i16* %res_52_V, i16 %shl_ln703_5)" [firmware/nnet_utils/nnet_conv2d.h:82->firmware/nnet_utils/nnet_conv2d.h:101]   --->   Operation 165 'write' <Predicate = (!icmp_ln68 & sub_ln203 != 0 & sub_ln203 != 12 & sub_ln203 != 24 & sub_ln203 != 36)> <Delay = 0.00>
ST_2 : Operation 166 [1/1] (0.00ns)   --->   "call void @_ssdm_op_Write.ap_auto.i16P(i16* %res_53_V, i16 %shl_ln703_5)" [firmware/nnet_utils/nnet_conv2d.h:82->firmware/nnet_utils/nnet_conv2d.h:101]   --->   Operation 166 'write' <Predicate = (!icmp_ln68 & sub_ln203 != 0 & sub_ln203 != 12 & sub_ln203 != 24 & sub_ln203 != 36)> <Delay = 0.00>
ST_2 : Operation 167 [1/1] (0.00ns)   --->   "call void @_ssdm_op_Write.ap_auto.i16P(i16* %res_54_V, i16 %shl_ln703_7)" [firmware/nnet_utils/nnet_conv2d.h:82->firmware/nnet_utils/nnet_conv2d.h:101]   --->   Operation 167 'write' <Predicate = (!icmp_ln68 & sub_ln203 != 0 & sub_ln203 != 12 & sub_ln203 != 24 & sub_ln203 != 36)> <Delay = 0.00>
ST_2 : Operation 168 [1/1] (0.00ns)   --->   "call void @_ssdm_op_Write.ap_auto.i16P(i16* %res_55_V, i16 %shl_ln703_7)" [firmware/nnet_utils/nnet_conv2d.h:82->firmware/nnet_utils/nnet_conv2d.h:101]   --->   Operation 168 'write' <Predicate = (!icmp_ln68 & sub_ln203 != 0 & sub_ln203 != 12 & sub_ln203 != 24 & sub_ln203 != 36)> <Delay = 0.00>
ST_2 : Operation 169 [1/1] (0.00ns)   --->   "call void @_ssdm_op_Write.ap_auto.i16P(i16* %res_56_V, i16 %shl_ln703_9)" [firmware/nnet_utils/nnet_conv2d.h:82->firmware/nnet_utils/nnet_conv2d.h:101]   --->   Operation 169 'write' <Predicate = (!icmp_ln68 & sub_ln203 != 0 & sub_ln203 != 12 & sub_ln203 != 24 & sub_ln203 != 36)> <Delay = 0.00>
ST_2 : Operation 170 [1/1] (0.00ns)   --->   "call void @_ssdm_op_Write.ap_auto.i16P(i16* %res_57_V, i16 %shl_ln703_9)" [firmware/nnet_utils/nnet_conv2d.h:82->firmware/nnet_utils/nnet_conv2d.h:101]   --->   Operation 170 'write' <Predicate = (!icmp_ln68 & sub_ln203 != 0 & sub_ln203 != 12 & sub_ln203 != 24 & sub_ln203 != 36)> <Delay = 0.00>
ST_2 : Operation 171 [1/1] (0.00ns)   --->   "call void @_ssdm_op_Write.ap_auto.i16P(i16* %res_58_V, i16 %shl_ln703_s)" [firmware/nnet_utils/nnet_conv2d.h:82->firmware/nnet_utils/nnet_conv2d.h:101]   --->   Operation 171 'write' <Predicate = (!icmp_ln68 & sub_ln203 != 0 & sub_ln203 != 12 & sub_ln203 != 24 & sub_ln203 != 36)> <Delay = 0.00>
ST_2 : Operation 172 [1/1] (0.00ns)   --->   "call void @_ssdm_op_Write.ap_auto.i16P(i16* %res_59_V, i16 %shl_ln703_s)" [firmware/nnet_utils/nnet_conv2d.h:82->firmware/nnet_utils/nnet_conv2d.h:101]   --->   Operation 172 'write' <Predicate = (!icmp_ln68 & sub_ln203 != 0 & sub_ln203 != 12 & sub_ln203 != 24 & sub_ln203 != 36)> <Delay = 0.00>
ST_2 : Operation 173 [1/1] (0.00ns)   --->   "br label %hls_label_0_end"   --->   Operation 173 'br' <Predicate = (!icmp_ln68 & sub_ln203 != 0 & sub_ln203 != 12 & sub_ln203 != 24 & sub_ln203 != 36)> <Delay = 0.00>
ST_2 : Operation 174 [1/1] (0.00ns)   --->   "%empty_14 = call i32 (...)* @_ssdm_op_SpecRegionEnd([12 x i8]* @p_str6, i32 %tmp)" [firmware/nnet_utils/nnet_conv2d.h:85->firmware/nnet_utils/nnet_conv2d.h:101]   --->   Operation 174 'specregionend' 'empty_14' <Predicate = (!icmp_ln68)> <Delay = 0.00>
ST_2 : Operation 175 [1/1] (0.00ns)   --->   "br label %1" [firmware/nnet_utils/nnet_conv2d.h:68->firmware/nnet_utils/nnet_conv2d.h:101]   --->   Operation 175 'br' <Predicate = (!icmp_ln68)> <Delay = 0.00>

State 3 <SV = 2> <Delay = 0.00>
ST_3 : Operation 176 [1/1] (0.00ns)   --->   "ret void" [firmware/nnet_utils/nnet_conv2d.h:105]   --->   Operation 176 'ret' <Predicate = true> <Delay = 0.00>


============================================================
+ Verbose Summary: Timing violations
============================================================
Target clock period: 5ns, clock uncertainty: 0.625ns.

 <State 1>: 0.603ns
The critical path consists of the following:
	multiplexor before 'phi' operation ('h') with incoming values : ('h', firmware/nnet_utils/nnet_conv2d.h:68->firmware/nnet_utils/nnet_conv2d.h:101) [65]  (0.603 ns)

 <State 2>: 2.68ns
The critical path consists of the following:
	'phi' operation ('h') with incoming values : ('h', firmware/nnet_utils/nnet_conv2d.h:68->firmware/nnet_utils/nnet_conv2d.h:101) [65]  (0 ns)
	'sub' operation ('sub_ln1116', firmware/nnet_utils/nnet_conv2d.h:79->firmware/nnet_utils/nnet_conv2d.h:101) [76]  (0.434 ns)
	'add' operation ('add_ln1116', firmware/nnet_utils/nnet_conv2d.h:79->firmware/nnet_utils/nnet_conv2d.h:101) [172]  (0.434 ns)
	'sub' operation ('sub_ln1116_3', firmware/nnet_utils/nnet_conv2d.h:79->firmware/nnet_utils/nnet_conv2d.h:101) [177]  (0.512 ns)
	'lshr' operation ('lshr_ln1116_2', firmware/nnet_utils/nnet_conv2d.h:79->firmware/nnet_utils/nnet_conv2d.h:101) [179]  (1.3 ns)
	wire write on port 'res_40_V' (firmware/nnet_utils/nnet_conv2d.h:82->firmware/nnet_utils/nnet_conv2d.h:101) [214]  (0 ns)

 <State 3>: 0ns
The critical path consists of the following:


============================================================
+ Verbose Summary: Binding
============================================================
N/A
* FSMD analyzer results:
  - Output states:
 - Input state : 
  - Chain level:
	State 1
	State 2
	State 3


============================================================
+ Verbose Summary: Datapath Resource usage 
============================================================
N/A
